<?xml version="1.0" encoding="UTF-8"?>
<!-- Generated by org.testng.reporters.JUnitReportReporter -->
<testsuite hostname="DESKTOP-LHK4KF7" failures="0" tests="1" name="TestcaseAutomation.TC_ECOM_Reg_001" time="14.023" errors="0" timestamp="2025-09-02T13:50:16 IST" skipped="0">
  <testcase classname="TestcaseAutomation.TC_ECOM_Reg_001" name="f" time="14.023"/>
  <system-out/>
</testsuite> <!-- TestcaseAutomation.TC_ECOM_Reg_001 -->
