<?xml version="1.0" encoding="UTF-8"?>
<!-- Generated by org.testng.reporters.JUnitReportReporter -->
<testsuite hostname="Paradise" failures="0" tests="8" name="UiTestcasePage.TC_Ecommerce_Web_Application_testcase_01" time="45.347" errors="0" timestamp="2025-09-05T22:30:20 IST" skipped="0">
  <testcase classname="UiTestcasePage.TC_Ecommerce_Web_Application_testcase_01" name="TC_Ecommerce_Web_Application_testcase_02" time="8.406"/>
  <testcase classname="UiTestcasePage.TC_Ecommerce_Web_Application_testcase_01" name="TC_Ecommerce_Web_Application_testcase_08" time="3.999"/>
  <testcase classname="UiTestcasePage.TC_Ecommerce_Web_Application_testcase_01" name="TC_Ecommerce_Web_Application_testcase_06" time="3.643"/>
  <testcase classname="UiTestcasePage.TC_Ecommerce_Web_Application_testcase_01" name="TC_Ecommerce_Web_Application_testcase_04" time="3.345"/>
  <testcase classname="UiTestcasePage.TC_Ecommerce_Web_Application_testcase_01" name="TC_Ecommerce_Web_Application_testcase_01" time="10.808"/>
  <testcase classname="UiTestcasePage.TC_Ecommerce_Web_Application_testcase_01" name="TC_Ecommerce_Web_Application_testcase_03" time="5.299"/>
  <testcase classname="UiTestcasePage.TC_Ecommerce_Web_Application_testcase_01" name="TC_Ecommerce_Web_Application_testcase_05" time="3.492"/>
  <testcase classname="UiTestcasePage.TC_Ecommerce_Web_Application_testcase_01" name="TC_Ecommerce_Web_Application_testcase_07" time="6.355"/>
</testsuite> <!-- UiTestcasePage.TC_Ecommerce_Web_Application_testcase_01 -->
