<?xml version="1.0" encoding="UTF-8"?>
<!-- Generated by org.testng.reporters.JUnitReportReporter -->
<testsuite hostname="Paradise" failures="0" tests="2" name="RegistrationPageAutomation.TC_ECOM_Reg_054_055" time="17.680" errors="0" timestamp="2025-09-04T11:45:46 IST" skipped="0">
  <testcase classname="RegistrationPageAutomation.TC_ECOM_Reg_054_055" name="verifyValidMobileField" time="8.397"/>
  <testcase classname="RegistrationPageAutomation.TC_ECOM_Reg_054_055" name="verifyEmptyMobileField" time="9.283"/>
</testsuite> <!-- RegistrationPageAutomation.TC_ECOM_Reg_054_055 -->
