<?xml version="1.0" encoding="UTF-8"?>
<!-- Generated by org.testng.reporters.JUnitReportReporter -->
<testsuite hostname="Paradise" failures="0" tests="1" name="UiApiPage.TC_Ecommerce_Web_Application_API_Testing_9" time="5.097" errors="0" timestamp="2025-09-07T20:54:36 IST" skipped="0">
  <testcase classname="UiApiPage.TC_Ecommerce_Web_Application_API_Testing_9" name="verifyScrollBar" time="5.097"/>
</testsuite> <!-- UiApiPage.TC_Ecommerce_Web_Application_API_Testing_9 -->
