<?xml version="1.0" encoding="UTF-8"?>
<!-- Generated by org.testng.reporters.JUnitReportReporter -->
<testsuite hostname="LAPTOP-21M4505A" failures="0" tests="1" name="ProductPage.TC_ECOM_TestCase_17" time="9.059" errors="0" timestamp="2025-09-08T09:36:38 IST" skipped="0">
  <testcase classname="ProductPage.TC_ECOM_TestCase_17" name="verifyViewProductButton" time="9.059"/>
</testsuite> <!-- ProductPage.TC_ECOM_TestCase_17 -->
