<?xml version="1.0" encoding="UTF-8"?>
<!-- Generated by org.testng.reporters.JUnitReportReporter -->
<testsuite hostname="DSP" failures="0" tests="1" name="ContactUsPage_UI.TC_ECOM_ContactUs_UI_10" time="2.685" errors="0" timestamp="2025-09-06T01:21:15 IST" skipped="0">
  <testcase classname="ContactUsPage_UI.TC_ECOM_ContactUs_UI_10" name="verifyLogoInContactUsPage" time="2.685"/>
</testsuite> <!-- ContactUsPage_UI.TC_ECOM_ContactUs_UI_10 -->
