<?xml version="1.0" encoding="UTF-8"?>
<!-- Generated by org.testng.reporters.JUnitReportReporter -->
<testsuite hostname="DESKTOP-LHK4KF7" failures="0" tests="1" name="Subscription.TC_ECOM_subHome_002" time="9.983" errors="0" timestamp="2025-09-17T13:08:58 IST" skipped="0">
  <testcase classname="Subscription.TC_ECOM_subHome_002" name="verifySubscription" time="9.983"/>
</testsuite> <!-- Subscription.TC_ECOM_subHome_002 -->
