<?xml version="1.0" encoding="UTF-8"?>
<!-- Generated by org.testng.reporters.JUnitReportReporter -->
<testsuite hostname="DESKTOP-LHK4KF7" failures="0" tests="2" name="CartPage.TC_ECOM_Cart_11_12" time="8.509" errors="0" timestamp="2025-09-16T13:00:07 IST" skipped="0">
  <testcase classname="CartPage.TC_ECOM_Cart_11_12" name="verifySubscriptionArrowButtonInCartPage" time="6.388"/>
  <testcase classname="CartPage.TC_ECOM_Cart_11_12" name="verifySubscriptionTextboxInCartPage" time="2.121"/>
</testsuite> <!-- CartPage.TC_ECOM_Cart_11_12 -->
