<?xml version="1.0" encoding="UTF-8"?>
<!-- Generated by org.testng.reporters.JUnitReportReporter -->
<testsuite hostname="DSP" failures="0" tests="1" name="Business_Specific_needs.TC_ECOM_Busi_needs_06" time="6.618" errors="0" timestamp="2025-09-07T18:23:20 IST" skipped="0">
  <testcase classname="Business_Specific_needs.TC_ECOM_Busi_needs_06" name="verifyAPIListForPracticeIsVisible" time="6.618"/>
</testsuite> <!-- Business_Specific_needs.TC_ECOM_Busi_needs_06 -->
