<?xml version="1.0" encoding="UTF-8"?>
<!-- Generated by org.testng.reporters.JUnitReportReporter -->
<testsuite hostname="DESKTOP-LHK4KF7" failures="0" tests="1" name="Business_Specific_needs.TC_ECOM_Busi_needs_01" time="172.334" errors="0" timestamp="2025-09-16T12:46:15 IST" skipped="0">
  <testcase classname="Business_Specific_needs.TC_ECOM_Busi_needs_01" name="verifyValidNameInContactUsPage" time="172.334"/>
</testsuite> <!-- Business_Specific_needs.TC_ECOM_Busi_needs_01 -->
