<?xml version="1.0" encoding="UTF-8"?>
<!-- Generated by org.testng.reporters.JUnitReportReporter -->
<testsuite hostname="Paradise" failures="0" tests="1" name="RegeressionFrequentlyUsedFunctionality.TC_Regres_Core_05" time="6.189" errors="0" timestamp="2025-09-04T15:54:19 IST" skipped="0">
  <testcase classname="RegeressionFrequentlyUsedFunctionality.TC_Regres_Core_05" name="verifyLogoOnProductPage" time="6.189"/>
</testsuite> <!-- RegeressionFrequentlyUsedFunctionality.TC_Regres_Core_05 -->
