<?xml version="1.0" encoding="UTF-8"?>
<!-- Generated by org.testng.reporters.JUnitReportReporter -->
<testsuite hostname="DSP" failures="0" tests="1" name="ContactUsPage_UI.TC_ECOM_ContactUs_UI_07" time="14.245" errors="0" timestamp="2025-09-06T01:01:35 IST" skipped="0">
  <testcase classname="ContactUsPage_UI.TC_ECOM_ContactUs_UI_07" name="verifyVideoTutorialsButtonInContactUsPage" time="14.245"/>
</testsuite> <!-- ContactUsPage_UI.TC_ECOM_ContactUs_UI_07 -->
