<?xml version="1.0" encoding="UTF-8"?>
<!-- Generated by org.testng.reporters.JUnitReportReporter -->
<testsuite hostname="DESKTOP-LHK4KF7" failures="0" tests="1" name="RegistrationPageAutomation.TC_ECOM_Reg_006" time="16.940" errors="0" timestamp="2025-09-04T11:51:19 IST" skipped="0">
  <testcase classname="RegistrationPageAutomation.TC_ECOM_Reg_006" name="verifySignup" time="16.940"/>
</testsuite> <!-- RegistrationPageAutomation.TC_ECOM_Reg_006 -->
