<?xml version="1.0" encoding="UTF-8"?>
<!-- Generated by org.testng.reporters.JUnitReportReporter -->
<testsuite hostname="Paradise" failures="0" tests="1" name="UiTestcasePage.TC_Ecommerce_Web_Application_testcase_10" time="6.210" errors="0" timestamp="2025-09-06T14:19:50 IST" skipped="0">
  <testcase classname="UiTestcasePage.TC_Ecommerce_Web_Application_testcase_10" name="verifyLogoClick" time="6.210"/>
</testsuite> <!-- UiTestcasePage.TC_Ecommerce_Web_Application_testcase_10 -->
