<?xml version="1.0" encoding="UTF-8"?>
<!-- Generated by org.testng.reporters.JUnitReportReporter -->
<testsuite hostname="DSP" failures="0" tests="1" name="ContactUsPage.TC_ECOM_Contact_us_14" time="25.482" errors="0" timestamp="2025-09-04T01:01:22 IST" skipped="0">
  <testcase classname="ContactUsPage.TC_ECOM_Contact_us_14" name="verifyChooseFileButtonInContactUsPage" time="25.482"/>
</testsuite> <!-- ContactUsPage.TC_ECOM_Contact_us_14 -->
