<?xml version="1.0" encoding="UTF-8"?>
<!-- Generated by org.testng.reporters.JUnitReportReporter -->
<testsuite hostname="Paradise" failures="0" tests="2" name="TestCases.TC_ECOM_TestCases_21_22" time="66.889" errors="0" timestamp="2025-09-03T19:51:12 IST" skipped="0">
  <testcase classname="TestCases.TC_ECOM_TestCases_21_22" name="verifyTestCase22AddToCartFromRecommendedItem" time="13.485"/>
  <testcase classname="TestCases.TC_ECOM_TestCases_21_22" name="verifyTestCase21AddReviewOnProduct" time="53.404"/>
</testsuite> <!-- TestCases.TC_ECOM_TestCases_21_22 -->
