<?xml version="1.0" encoding="UTF-8"?>
<!-- Generated by org.testng.reporters.JUnitReportReporter -->
<testsuite hostname="LAPTOP-21M4505A" failures="0" tests="1" name="Impact_Regression_TestSuite.TC_Regres_Impact_08" time="8.288" errors="0" timestamp="2025-09-04T16:35:10 IST" skipped="0">
  <testcase classname="Impact_Regression_TestSuite.TC_Regres_Impact_08" name="verifyAddToCartButton" time="8.288"/>
</testsuite> <!-- Impact_Regression_TestSuite.TC_Regres_Impact_08 -->
