<?xml version="1.0" encoding="UTF-8"?>
<!-- Generated by org.testng.reporters.JUnitReportReporter -->
<testsuite hostname="DSP" failures="0" tests="1" name="Business_Specific_needs.TC_ECOM_Busi_needs_05" time="7.532" errors="0" timestamp="2025-09-07T17:55:07 IST" skipped="0">
  <testcase classname="Business_Specific_needs.TC_ECOM_Busi_needs_05" name="verifyAllTestCasesAreDisplayed" time="7.532"/>
</testsuite> <!-- Business_Specific_needs.TC_ECOM_Busi_needs_05 -->
