<?xml version="1.0" encoding="UTF-8"?>
<!-- Generated by org.testng.reporters.JUnitReportReporter -->
<testsuite hostname="LAPTOP-21M4505A" failures="0" tests="1" name="ProductPage_UI.TC_Ecommerce_Web_Application_product_22" time="30.202" errors="0" timestamp="2025-09-05T16:21:05 IST" skipped="0">
  <testcase classname="ProductPage_UI.TC_Ecommerce_Web_Application_product_22" name="verifyGoogleAdDropButtonInProductPage" time="30.202"/>
</testsuite> <!-- ProductPage_UI.TC_Ecommerce_Web_Application_product_22 -->
