<?xml version="1.0" encoding="UTF-8"?>
<!-- Generated by org.testng.reporters.JUnitReportReporter -->
<testsuite hostname="Paradise" failures="0" tests="1" name="UiTestcasePage.TC_Ecommerce_Web_Application_Testcase_16" time="5.266" errors="0" timestamp="2025-09-06T15:01:24 IST" skipped="0">
  <testcase classname="UiTestcasePage.TC_Ecommerce_Web_Application_Testcase_16" name="verifyTopButtonInTestcasePage" time="5.266"/>
</testsuite> <!-- UiTestcasePage.TC_Ecommerce_Web_Application_Testcase_16 -->
