<?xml version="1.0" encoding="UTF-8"?>
<!-- Generated by org.testng.reporters.JUnitReportReporter -->
<testsuite hostname="DESKTOP-LHK4KF7" failures="0" tests="1" name="RegistrationPageAutomation.TC_ECOM_Reg_005" time="11.920" errors="0" timestamp="2025-09-02T17:22:23 IST" skipped="0">
  <testcase classname="RegistrationPageAutomation.TC_ECOM_Reg_005" name="verifySignup" time="11.920"/>
</testsuite> <!-- RegistrationPageAutomation.TC_ECOM_Reg_005 -->
