<?xml version="1.0" encoding="UTF-8"?>
<!-- Generated by org.testng.reporters.JUnitReportReporter -->
<testsuite hostname="LAPTOP-21M4505A" failures="0" tests="1" name="Impact_Regression_TestSuite.TC_Regres_Impact_01" time="4.190" errors="0" timestamp="2025-09-04T14:57:07 IST" skipped="0">
  <testcase classname="Impact_Regression_TestSuite.TC_Regres_Impact_01" name="verifySignupLoginPageLoads" time="4.190"/>
</testsuite> <!-- Impact_Regression_TestSuite.TC_Regres_Impact_01 -->
