<?xml version="1.0" encoding="UTF-8"?>
<!-- Generated by org.testng.reporters.JUnitReportReporter -->
<testsuite hostname="Paradise" failures="0" tests="2" name="TestCases.TC_ECOM_TestCases_23_24" time="38.458" errors="0" timestamp="2025-09-03T19:53:20 IST" skipped="0">
  <testcase classname="TestCases.TC_ECOM_TestCases_23_24" name="verifyTestCase24DownloadInvoiceAfterPurchase" time="15.909"/>
  <testcase classname="TestCases.TC_ECOM_TestCases_23_24" name="verifyTestCase23VerifyAddressDetailsInCheckoutPage" time="22.549"/>
</testsuite> <!-- TestCases.TC_ECOM_TestCases_23_24 -->
