<?xml version="1.0" encoding="UTF-8"?>
<!-- Generated by org.testng.reporters.JUnitReportReporter -->
<testsuite hostname="DSP" failures="0" tests="1" name="ContactUsPage_UI.TC_ECOM_ContactUs_UI_22" time="6.320" errors="0" timestamp="2025-09-07T00:00:47 IST" skipped="0">
  <testcase classname="ContactUsPage_UI.TC_ECOM_ContactUs_UI_22" name="verifyFeedbackLinkInContactUsPage" time="6.320"/>
</testsuite> <!-- ContactUsPage_UI.TC_ECOM_ContactUs_UI_22 -->
