<?xml version="1.0" encoding="UTF-8"?>
<!-- Generated by org.testng.reporters.JUnitReportReporter -->
<testsuite hostname="DESKTOP-LHK4KF7" failures="0" tests="1" name="ContactUsPage_UI.TC_ECOM_ContactUs_UI_07" time="9.226" errors="0" timestamp="2025-09-16T13:23:03 IST" skipped="0">
  <testcase classname="ContactUsPage_UI.TC_ECOM_ContactUs_UI_07" name="verifyVideoTutorialsButtonInContactUsPage" time="9.226"/>
</testsuite> <!-- ContactUsPage_UI.TC_ECOM_ContactUs_UI_07 -->
