<?xml version="1.0" encoding="UTF-8"?>
<!-- Generated by org.testng.reporters.JUnitReportReporter -->
<testsuite hostname="LAPTOP-21M4505A" failures="0" tests="1" name="APITesting_UI.TC_Ecommerce_Web_Application_API_Testing_17" time="7.448" errors="0" timestamp="2025-09-09T12:13:26 IST" skipped="0">
  <testcase classname="APITesting_UI.TC_Ecommerce_Web_Application_API_Testing_17" name="verifyAPI4Dropdown" time="7.448"/>
</testsuite> <!-- APITesting_UI.TC_Ecommerce_Web_Application_API_Testing_17 -->
