<?xml version="1.0" encoding="UTF-8"?>
<!-- Generated by org.testng.reporters.JUnitReportReporter -->
<testsuite hostname="DESKTOP-LHK4KF7" failures="0" tests="1" name="RegistrationPageAutomation.TC_ECOM_Reg_004" time="17.180" errors="0" timestamp="2025-09-04T11:32:07 IST" skipped="0">
  <testcase classname="RegistrationPageAutomation.TC_ECOM_Reg_004" name="checkEmailField" time="17.180"/>
</testsuite> <!-- RegistrationPageAutomation.TC_ECOM_Reg_004 -->
