<?xml version="1.0" encoding="UTF-8"?>
<!-- Generated by org.testng.reporters.JUnitReportReporter -->
<testsuite hostname="Paradise" failures="0" tests="2" name="TestCases.TC_ECOM_TestCases_3_4" time="50.035" errors="0" timestamp="2025-09-03T19:22:53 IST" skipped="0">
  <testcase classname="TestCases.TC_ECOM_TestCases_3_4" name="verifyTestCase4LogoutUserFlow" time="9.769"/>
  <testcase classname="TestCases.TC_ECOM_TestCases_3_4" name="verifyTestCase3LoginUserIncorrectFlow" time="40.266"/>
</testsuite> <!-- TestCases.TC_ECOM_TestCases_3_4 -->
