<?xml version="1.0" encoding="UTF-8"?>
<!-- Generated by org.testng.reporters.JUnitReportReporter -->
<testsuite hostname="DESKTOP-LHK4KF7" failures="0" tests="1" name="Corebusiness.TC_regr_core_008" time="17.566" errors="0" timestamp="2025-09-04T16:50:54 IST" skipped="0">
  <testcase classname="Corebusiness.TC_regr_core_008" name="verifyProduct" time="17.566"/>
</testsuite> <!-- Corebusiness.TC_regr_core_008 -->
