<?xml version="1.0" encoding="UTF-8"?>
<!-- Generated by org.testng.reporters.JUnitReportReporter -->
<testsuite hostname="DSP" failures="0" tests="1" name="CartPage.TC_ECOM_Cart_03" time="7.177" errors="0" timestamp="2025-09-08T12:30:38 IST" skipped="0">
  <testcase classname="CartPage.TC_ECOM_Cart_03" name="verifyCartButtonInCartPage" time="7.177"/>
</testsuite> <!-- CartPage.TC_ECOM_Cart_03 -->
