<?xml version="1.0" encoding="UTF-8"?>
<!-- Generated by org.testng.reporters.JUnitReportReporter -->
<testsuite hostname="Paradise" failures="0" tests="3" name="UiTestcasePage.TC_Ecommerce_Web_Application_Testcase_11_12_13" time="20.156" errors="0" timestamp="2025-09-06T14:55:05 IST" skipped="0">
  <testcase classname="UiTestcasePage.TC_Ecommerce_Web_Application_Testcase_11_12_13" name="verifyTestcasePageOnChrome" time="5.844"/>
  <testcase classname="UiTestcasePage.TC_Ecommerce_Web_Application_Testcase_11_12_13" name="verifyTestcasePageOnEdge" time="6.036"/>
  <testcase classname="UiTestcasePage.TC_Ecommerce_Web_Application_Testcase_11_12_13" name="verifyTestcasePageOnFirefox" time="8.276"/>
</testsuite> <!-- UiTestcasePage.TC_Ecommerce_Web_Application_Testcase_11_12_13 -->
