<?xml version="1.0" encoding="UTF-8"?>
<!-- Generated by org.testng.reporters.JUnitReportReporter -->
<testsuite hostname="LAPTOP-21M4505A" failures="0" tests="1" name="ProductPage.TC_ECOM_TestCase_20" time="12.595" errors="0" timestamp="2025-09-04T10:45:25 IST" skipped="0">
  <testcase classname="ProductPage.TC_ECOM_TestCase_20" name="verifyAddToCartSleevelessDress" time="12.595"/>
</testsuite> <!-- ProductPage.TC_ECOM_TestCase_20 -->
