<?xml version="1.0" encoding="UTF-8"?>
<!-- Generated by org.testng.reporters.JUnitReportReporter -->
<testsuite hostname="DSP" failures="0" tests="1" name="Business_Specific_needs.TC_ECOM_Busi_needs_04" time="7.160" errors="0" timestamp="2025-09-05T01:13:12 IST" skipped="0">
  <testcase classname="Business_Specific_needs.TC_ECOM_Busi_needs_04" name="verifyTestCasesPageNavigation" time="7.160"/>
</testsuite> <!-- Business_Specific_needs.TC_ECOM_Busi_needs_04 -->
