<?xml version="1.0" encoding="UTF-8"?>
<!-- Generated by org.testng.reporters.JUnitReportReporter -->
<testsuite hostname="DSP" failures="0" tests="1" name="Business_Specific_needs.TC_ECOM_Busi_needs_07" time="171.481" errors="0" timestamp="2025-09-07T20:11:00 IST" skipped="0">
  <testcase classname="Business_Specific_needs.TC_ECOM_Busi_needs_07" name="verifyVideoTutorialsRedirectsToYouTube" time="171.481"/>
</testsuite> <!-- Business_Specific_needs.TC_ECOM_Busi_needs_07 -->
