<?xml version="1.0" encoding="UTF-8"?>
<!-- Generated by org.testng.reporters.JUnitReportReporter -->
<testsuite hostname="Paradise" failures="0" tests="1" name="RegistrationPageAutomation.TC_ECOM_Reg_045" time="36.052" errors="0" timestamp="2025-09-02T18:53:56 IST" skipped="0">
  <testcase classname="RegistrationPageAutomation.TC_ECOM_Reg_045" name="verifyNoStateField" time="36.052"/>
</testsuite> <!-- RegistrationPageAutomation.TC_ECOM_Reg_045 -->
