<?xml version="1.0" encoding="UTF-8"?>
<!-- Generated by org.testng.reporters.JUnitReportReporter -->
<testsuite hostname="DESKTOP-LHK4KF7" failures="0" tests="8" name="UiTestcasePage.TC_Ecommerce_Web_Application_testcase_01_2_3_4_5_6_7_8" time="71.636" errors="0" timestamp="2025-09-10T16:32:20 IST" skipped="0">
  <testcase classname="UiTestcasePage.TC_Ecommerce_Web_Application_testcase_01_2_3_4_5_6_7_8" name="TC_Ecommerce_Web_Application_testcase_05" time="4.292"/>
  <testcase classname="UiTestcasePage.TC_Ecommerce_Web_Application_testcase_01_2_3_4_5_6_7_8" name="TC_Ecommerce_Web_Application_testcase_01" time="33.813"/>
  <testcase classname="UiTestcasePage.TC_Ecommerce_Web_Application_testcase_01_2_3_4_5_6_7_8" name="TC_Ecommerce_Web_Application_testcase_02" time="11.212"/>
  <testcase classname="UiTestcasePage.TC_Ecommerce_Web_Application_testcase_01_2_3_4_5_6_7_8" name="TC_Ecommerce_Web_Application_testcase_03" time="5.912"/>
  <testcase classname="UiTestcasePage.TC_Ecommerce_Web_Application_testcase_01_2_3_4_5_6_7_8" name="TC_Ecommerce_Web_Application_testcase_04" time="3.735"/>
  <testcase classname="UiTestcasePage.TC_Ecommerce_Web_Application_testcase_01_2_3_4_5_6_7_8" name="TC_Ecommerce_Web_Application_testcase_06" time="3.349"/>
  <testcase classname="UiTestcasePage.TC_Ecommerce_Web_Application_testcase_01_2_3_4_5_6_7_8" name="TC_Ecommerce_Web_Application_testcase_08" time="4.325"/>
  <testcase classname="UiTestcasePage.TC_Ecommerce_Web_Application_testcase_01_2_3_4_5_6_7_8" name="TC_Ecommerce_Web_Application_testcase_07" time="4.998"/>
</testsuite> <!-- UiTestcasePage.TC_Ecommerce_Web_Application_testcase_01_2_3_4_5_6_7_8 -->
