<?xml version="1.0" encoding="UTF-8"?>
<!-- Generated by org.testng.reporters.JUnitReportReporter -->
<testsuite hostname="Paradise" failures="0" tests="2" name="UiTestcasePage.TC_Ecommerce_Web_Application_testcase_38_39" time="20.484" errors="0" timestamp="2025-09-07T12:27:31 IST" skipped="0">
  <testcase classname="UiTestcasePage.TC_Ecommerce_Web_Application_testcase_38_39" name="verifyTestCase21AddReviewOnProduct" time="11.461"/>
  <testcase classname="UiTestcasePage.TC_Ecommerce_Web_Application_testcase_38_39" name="verifyTestCase22AddToCartFromRecommendedItem" time="9.023"/>
</testsuite> <!-- UiTestcasePage.TC_Ecommerce_Web_Application_testcase_38_39 -->
