<?xml version="1.0" encoding="UTF-8"?>
<!-- Generated by org.testng.reporters.JUnitReportReporter -->
<testsuite hostname="LAPTOP-21M4505A" failures="0" tests="1" name="ProductPage.TC_ECOM_TestCase_21" time="10.050" errors="0" timestamp="2025-09-04T10:56:25 IST" skipped="0">
  <testcase classname="ProductPage.TC_ECOM_TestCase_21" name="verifyViewProductSleevelessDress" time="10.050"/>
</testsuite> <!-- ProductPage.TC_ECOM_TestCase_21 -->
