<?xml version="1.0" encoding="UTF-8"?>
<!-- Generated by org.testng.reporters.JUnitReportReporter -->
<testsuite hostname="DSP" failures="0" tests="1" name="ContactUsPage_UI.TC_ECOM_ContactUs_UI_16" time="26.672" errors="0" timestamp="2025-09-06T23:38:43 IST" skipped="0">
  <testcase classname="ContactUsPage_UI.TC_ECOM_ContactUs_UI_16" name="verifySubscriptionArrowButtonInContactUsPage" time="26.672"/>
</testsuite> <!-- ContactUsPage_UI.TC_ECOM_ContactUs_UI_16 -->
