<?xml version="1.0" encoding="UTF-8"?>
<!-- Generated by org.testng.reporters.JUnitReportReporter -->
<testsuite hostname="Paradise" failures="0" tests="1" name="RegistrationPageAutomation.TC_Ecom_Sanity_003" time="10.137" errors="0" timestamp="2025-09-03T12:28:53 IST" skipped="0">
  <testcase classname="RegistrationPageAutomation.TC_Ecom_Sanity_003" name="verifyProductDisplay" time="10.137"/>
</testsuite> <!-- RegistrationPageAutomation.TC_Ecom_Sanity_003 -->
