<?xml version="1.0" encoding="UTF-8"?>
<!-- Generated by org.testng.reporters.JUnitReportReporter -->
<testsuite hostname="LAPTOP-21M4505A" failures="0" tests="1" name="ProductPage.TC_ECOM_TestCase_14" time="15.488" errors="0" timestamp="2025-09-08T09:35:13 IST" skipped="0">
  <testcase classname="ProductPage.TC_ECOM_TestCase_14" name="verifySearchBarWithValidInput" time="15.488"/>
</testsuite> <!-- ProductPage.TC_ECOM_TestCase_14 -->
