<?xml version="1.0" encoding="UTF-8"?>
<!-- Generated by org.testng.reporters.JUnitReportReporter -->
<testsuite hostname="LAPTOP-21M4505A" failures="0" tests="1" name="ProductPage.TC_ECOM_TestCase_35" time="13.167" errors="0" timestamp="2025-09-04T11:40:25 IST" skipped="0">
  <testcase classname="ProductPage.TC_ECOM_TestCase_35" name="verifyProductConditionInProductPage" time="13.167"/>
</testsuite> <!-- ProductPage.TC_ECOM_TestCase_35 -->
