<?xml version="1.0" encoding="UTF-8"?>
<!-- Generated by org.testng.reporters.JUnitReportReporter -->
<testsuite hostname="LAPTOP-21M4505A" failures="0" tests="1" name="ProductPage_UI.TC_Ecommerce_Web_Application_product_23" time="5.830" errors="0" timestamp="2025-09-05T16:29:18 IST" skipped="0">
  <testcase classname="ProductPage_UI.TC_Ecommerce_Web_Application_product_23" name="verifyProductPageLoadsOnChrome" time="5.830"/>
</testsuite> <!-- ProductPage_UI.TC_Ecommerce_Web_Application_product_23 -->
