<?xml version="1.0" encoding="UTF-8"?>
<!-- Generated by org.testng.reporters.JUnitReportReporter -->
<testsuite hostname="DSP" failures="0" tests="1" name="RegistrationPageAutomation.TC_ECOM_Reg_025" time="9.674" errors="0" timestamp="2025-09-04T12:19:44 IST" skipped="0">
  <testcase classname="RegistrationPageAutomation.TC_ECOM_Reg_025" name="verifyYearDropdownInSignupPage" time="9.674"/>
</testsuite> <!-- RegistrationPageAutomation.TC_ECOM_Reg_025 -->
