<?xml version="1.0" encoding="UTF-8"?>
<!-- Generated by org.testng.reporters.JUnitReportReporter -->
<testsuite hostname="DSP" failures="0" tests="1" name="ContactUsPage.TC_ECOM_Contact_us_4_7_10" time="7.989" errors="0" timestamp="2025-09-03T23:28:50 IST" skipped="0">
  <testcase classname="ContactUsPage.TC_ECOM_Contact_us_4_7_10" name="verifyValidNameInContactUsPage" time="7.989"/>
</testsuite> <!-- ContactUsPage.TC_ECOM_Contact_us_4_7_10 -->
