<?xml version="1.0" encoding="UTF-8"?>
<!-- Generated by org.testng.reporters.JUnitReportReporter -->
<testsuite hostname="DSP" failures="0" tests="1" name="ContactUsPage.TC_ECOM_Contact_us_12" time="8.712" errors="0" timestamp="2025-09-04T00:26:24 IST" skipped="0">
  <testcase classname="ContactUsPage.TC_ECOM_Contact_us_12" name="verifyValidMessageInContactUsPage" time="8.712"/>
</testsuite> <!-- ContactUsPage.TC_ECOM_Contact_us_12 -->
