<?xml version="1.0" encoding="UTF-8"?>
<!-- Generated by org.testng.reporters.JUnitReportReporter -->
<testsuite hostname="Paradise" failures="0" tests="2" name="TestCases.TC_ECOM_TestCases_17_18" time="62.880" errors="0" timestamp="2025-09-03T19:46:40 IST" skipped="0">
  <testcase classname="TestCases.TC_ECOM_TestCases_17_18" name="verifyTestCase18ViewCategoryProducts" time="7.776"/>
  <testcase classname="TestCases.TC_ECOM_TestCases_17_18" name="verifyTestCase17RemoveProductFromCart" time="55.104"/>
</testsuite> <!-- TestCases.TC_ECOM_TestCases_17_18 -->
