<?xml version="1.0" encoding="UTF-8"?>
<!-- Generated by org.testng.reporters.JUnitReportReporter -->
<testsuite hostname="Paradise" failures="0" tests="1" name="RegistrationPageAutomation.TC_ECOM_Reg_049" time="9.977" errors="0" timestamp="2025-09-04T11:22:07 IST" skipped="0">
  <testcase classname="RegistrationPageAutomation.TC_ECOM_Reg_049" name="verifyEmptyCityField" time="9.977"/>
</testsuite> <!-- RegistrationPageAutomation.TC_ECOM_Reg_049 -->
