<?xml version="1.0" encoding="UTF-8"?>
<!-- Generated by org.testng.reporters.JUnitReportReporter -->
<testsuite hostname="LAPTOP-21M4505A" failures="0" tests="1" name="ProductPage.TC_ECOM_TestCase_10" time="11.406" errors="0" timestamp="2025-09-08T09:32:41 IST" skipped="0">
  <testcase classname="ProductPage.TC_ECOM_TestCase_10" name="verifyBrandBabyhugButtonInProductPage" time="11.406"/>
</testsuite> <!-- ProductPage.TC_ECOM_TestCase_10 -->
