<?xml version="1.0" encoding="UTF-8"?>
<!-- Generated by org.testng.reporters.JUnitReportReporter -->
<testsuite hostname="Paradise" failures="0" tests="2" name="TestCases.TC_ECOM_TestCases_2_3" time="43.119" errors="0" timestamp="2025-09-03T20:24:27 IST" skipped="0">
  <testcase classname="TestCases.TC_ECOM_TestCases_2_3" name="verifyTestCase1RegisterUserFlow" time="33.949"/>
  <testcase classname="TestCases.TC_ECOM_TestCases_2_3" name="verifyTestCase2LoginUserFlow" time="9.170"/>
</testsuite> <!-- TestCases.TC_ECOM_TestCases_2_3 -->
