<?xml version="1.0" encoding="UTF-8"?>
<!-- Generated by org.testng.reporters.JUnitReportReporter -->
<testsuite hostname="DSP" failures="0" tests="1" name="ContactUsPage_UI.TC_ECOM_ContactUs_UI_21" time="5.529" errors="0" timestamp="2025-09-06T23:55:28 IST" skipped="0">
  <testcase classname="ContactUsPage_UI.TC_ECOM_ContactUs_UI_21" name="verifyChooseFileButtonInContactUsPage" time="5.529"/>
</testsuite> <!-- ContactUsPage_UI.TC_ECOM_ContactUs_UI_21 -->
