<?xml version="1.0" encoding="UTF-8"?>
<!-- Generated by org.testng.reporters.JUnitReportReporter -->
<testsuite hostname="LAPTOP-21M4505A" failures="0" tests="1" name="SmokeTesting.TC_Ecom_Sanity_007" time="13.211" errors="0" timestamp="2025-09-04T12:11:58 IST" skipped="0">
  <testcase classname="SmokeTesting.TC_Ecom_Sanity_007" name="verifyVideoTutorialsNavigation" time="13.211"/>
</testsuite> <!-- SmokeTesting.TC_Ecom_Sanity_007 -->
