<?xml version="1.0" encoding="UTF-8"?>
<!-- Generated by org.testng.reporters.JUnitReportReporter -->
<testsuite hostname="LAPTOP-21M4505A" failures="0" tests="1" name="RegistrationPageAutomation.TC_ECOM_Reg_020" time="6.715" errors="0" timestamp="2025-09-04T12:07:00 IST" skipped="0">
  <testcase classname="RegistrationPageAutomation.TC_ECOM_Reg_020" name="verifyPasswordTextboxWithNoPassword" time="6.715"/>
</testsuite> <!-- RegistrationPageAutomation.TC_ECOM_Reg_020 -->
