<?xml version="1.0" encoding="UTF-8"?>
<!-- Generated by org.testng.reporters.JUnitReportReporter -->
<testsuite hostname="DSP" failures="0" tests="1" name="CartPage.TC_ECOM_Cart_10" time="81.375" errors="0" timestamp="2025-09-08T15:38:46 IST" skipped="0">
  <testcase classname="CartPage.TC_ECOM_Cart_10" name="verifyLogoInCartPage" time="81.375"/>
</testsuite> <!-- CartPage.TC_ECOM_Cart_10 -->
