<?xml version="1.0" encoding="UTF-8"?>
<!-- Generated by org.testng.reporters.JUnitReportReporter -->
<testsuite hostname="DESKTOP-LHK4KF7" failures="0" tests="1" name="ContactUsPage_UI.TC_ECOM_ContactUs_UI_09" time="4.835" errors="0" timestamp="2025-09-16T13:23:03 IST" skipped="0">
  <testcase classname="ContactUsPage_UI.TC_ECOM_ContactUs_UI_09" name="verifyScrollBarInContactUsPage" time="4.835"/>
</testsuite> <!-- ContactUsPage_UI.TC_ECOM_ContactUs_UI_09 -->
