<?xml version="1.0" encoding="UTF-8"?>
<!-- Generated by org.testng.reporters.JUnitReportReporter -->
<testsuite hostname="LAPTOP-21M4505A" failures="0" tests="1" name="ProductPage.TC_ECOM_TestCase_34" time="10.492" errors="0" timestamp="2025-09-04T11:39:13 IST" skipped="0">
  <testcase classname="ProductPage.TC_ECOM_TestCase_34" name="verifyProductAvailabilityInProductPage" time="10.492"/>
</testsuite> <!-- ProductPage.TC_ECOM_TestCase_34 -->
