<?xml version="1.0" encoding="UTF-8"?>
<!-- Generated by org.testng.reporters.JUnitReportReporter -->
<testsuite hostname="Paradise" failures="0" tests="8" name="UiApiPage.TC_Ecommerce_Web_Application_API_Testing_1_2_3_4_5_6_7" time="118.768" errors="0" timestamp="2025-09-07T20:50:52 IST" skipped="0">
  <testcase classname="UiApiPage.TC_Ecommerce_Web_Application_API_Testing_1_2_3_4_5_6_7" name="TC_Ecommerce_Web_Application_testcase_02" time="18.167"/>
  <testcase classname="UiApiPage.TC_Ecommerce_Web_Application_API_Testing_1_2_3_4_5_6_7" name="TC_Ecommerce_Web_Application_testcase_08" time="8.025"/>
  <testcase classname="UiApiPage.TC_Ecommerce_Web_Application_API_Testing_1_2_3_4_5_6_7" name="TC_Ecommerce_Web_Application_testcase_06" time="16.576"/>
  <testcase classname="UiApiPage.TC_Ecommerce_Web_Application_API_Testing_1_2_3_4_5_6_7" name="TC_Ecommerce_Web_Application_testcase_04" time="15.059"/>
  <testcase classname="UiApiPage.TC_Ecommerce_Web_Application_API_Testing_1_2_3_4_5_6_7" name="TC_Ecommerce_Web_Application_testcase_01" time="7.946"/>
  <testcase classname="UiApiPage.TC_Ecommerce_Web_Application_API_Testing_1_2_3_4_5_6_7" name="TC_Ecommerce_Web_Application_testcase_03" time="14.704"/>
  <testcase classname="UiApiPage.TC_Ecommerce_Web_Application_API_Testing_1_2_3_4_5_6_7" name="TC_Ecommerce_Web_Application_testcase_05" time="15.304"/>
  <testcase classname="UiApiPage.TC_Ecommerce_Web_Application_API_Testing_1_2_3_4_5_6_7" name="TC_Ecommerce_Web_Application_testcase_07" time="22.987"/>
</testsuite> <!-- UiApiPage.TC_Ecommerce_Web_Application_API_Testing_1_2_3_4_5_6_7 -->
