<?xml version="1.0" encoding="UTF-8"?>
<!-- Generated by org.testng.reporters.JUnitReportReporter -->
<testsuite hostname="Paradise" failures="0" tests="2" name="TestCases.TC_ECOM_TestCases" time="35.032" errors="0" timestamp="2025-09-03T19:10:28 IST" skipped="0">
  <testcase classname="TestCases.TC_ECOM_TestCases" name="verifyTestCase1RegisterUserFlow" time="19.510"/>
  <testcase classname="TestCases.TC_ECOM_TestCases" name="verifyTestCase2LoginUserFlow" time="15.522"/>
</testsuite> <!-- TestCases.TC_ECOM_TestCases -->
