<?xml version="1.0" encoding="UTF-8"?>
<!-- Generated by org.testng.reporters.JUnitReportReporter -->
<testsuite hostname="DESKTOP-LHK4KF7" failures="0" tests="1" name="ContactUsPage.TC_ECOM_Contact_us_3" time="8.351" errors="0" timestamp="2025-09-16T13:07:42 IST" skipped="0">
  <testcase classname="ContactUsPage.TC_ECOM_Contact_us_3" name="verifyFeedbackVisibilityInContactUsPage" time="8.351"/>
</testsuite> <!-- ContactUsPage.TC_ECOM_Contact_us_3 -->
