<?xml version="1.0" encoding="UTF-8"?>
<!-- Generated by org.testng.reporters.JUnitReportReporter -->
<testsuite hostname="DESKTOP-LHK4KF7" failures="0" tests="1" name="Impact_Regression_TestSuite.TC_Regres_Impact_09" time="10.203" errors="0" timestamp="2025-09-16T17:21:29 IST" skipped="0">
  <testcase classname="Impact_Regression_TestSuite.TC_Regres_Impact_09" name="verifyViewProductButton" time="10.203"/>
</testsuite> <!-- Impact_Regression_TestSuite.TC_Regres_Impact_09 -->
