<?xml version="1.0" encoding="UTF-8"?>
<!-- Generated by org.testng.reporters.JUnitReportReporter -->
<testsuite hostname="Paradise" failures="0" tests="2" name="UiTestcasePage.TC_Ecommerce_Web_Application_testcase_30_31" time="15.481" errors="0" timestamp="2025-09-07T12:19:21 IST" skipped="0">
  <testcase classname="UiTestcasePage.TC_Ecommerce_Web_Application_testcase_30_31" name="verifyTestCase13VerifyProductQuantity" time="8.546"/>
  <testcase classname="UiTestcasePage.TC_Ecommerce_Web_Application_testcase_30_31" name="verifyTestCase14PlaceOrderRegisterWhileCheckout" time="6.935"/>
</testsuite> <!-- UiTestcasePage.TC_Ecommerce_Web_Application_testcase_30_31 -->
