<?xml version="1.0" encoding="UTF-8"?>
<!-- Generated by org.testng.reporters.JUnitReportReporter -->
<testsuite hostname="DSP" failures="0" tests="1" name="ContactUsPage.TC_ECOM_Contact_us_15" time="32.251" errors="0" timestamp="2025-09-04T10:01:24 IST" skipped="0">
  <testcase classname="ContactUsPage.TC_ECOM_Contact_us_15" name="verifyFeedbackLinkInContactUsPage" time="32.251"/>
</testsuite> <!-- ContactUsPage.TC_ECOM_Contact_us_15 -->
