<?xml version="1.0" encoding="UTF-8"?>
<!-- Generated by org.testng.reporters.JUnitReportReporter -->
<testsuite hostname="LAPTOP-21M4505A" failures="0" tests="1" name="ProductPage_UI.TC_Ecommerce_Web_Application_product_19" time="16.632" errors="0" timestamp="2025-09-05T16:08:52 IST" skipped="0">
  <testcase classname="ProductPage_UI.TC_Ecommerce_Web_Application_product_19" name="verifyBrandBabyhugButtonInProductPage" time="16.632"/>
</testsuite> <!-- ProductPage_UI.TC_Ecommerce_Web_Application_product_19 -->
