<?xml version="1.0" encoding="UTF-8"?>
<!-- Generated by org.testng.reporters.JUnitReportReporter -->
<testsuite hostname="DSP" failures="0" tests="1" name="CartPage.TC_ECOM_Cart_13" time="6.080" errors="0" timestamp="2025-09-08T19:20:42 IST" skipped="0">
  <testcase classname="CartPage.TC_ECOM_Cart_13" name="verifyOrangeHomeButtonInCartPage" time="6.080"/>
</testsuite> <!-- CartPage.TC_ECOM_Cart_13 -->
