<?xml version="1.0" encoding="UTF-8"?>
<!-- Generated by org.testng.reporters.JUnitReportReporter -->
<testsuite hostname="Paradise" failures="0" tests="1" name="RegeressionFrequentlyUsedFunctionality.TC_Regres_Core_01" time="9.649" errors="0" timestamp="2025-09-04T16:07:36 IST" skipped="0">
  <testcase classname="RegeressionFrequentlyUsedFunctionality.TC_Regres_Core_01" name="verifyValidEmailLogin" time="9.649"/>
</testsuite> <!-- RegeressionFrequentlyUsedFunctionality.TC_Regres_Core_01 -->
