<?xml version="1.0" encoding="UTF-8"?>
<!-- Generated by org.testng.reporters.JUnitReportReporter -->
<testsuite hostname="DSP" failures="0" tests="1" name="RegistrationPageAutomation.TC_ECOM_Reg_028" time="5.508" errors="0" timestamp="2025-09-04T14:45:14 IST" skipped="0">
  <testcase classname="RegistrationPageAutomation.TC_ECOM_Reg_028" name="verifyOffersCheckboxInSignupPage" time="5.508"/>
</testsuite> <!-- RegistrationPageAutomation.TC_ECOM_Reg_028 -->
