<?xml version="1.0" encoding="UTF-8"?>
<!-- Generated by org.testng.reporters.JUnitReportReporter -->
<testsuite hostname="DSP" failures="0" tests="1" name="CartPage.TC_ECOM_Cart_04" time="8.033" errors="0" timestamp="2025-09-08T13:00:12 IST" skipped="0">
  <testcase classname="CartPage.TC_ECOM_Cart_04" name="verifySignupLoginButtonInCartPage" time="8.033"/>
</testsuite> <!-- CartPage.TC_ECOM_Cart_04 -->
