<?xml version="1.0" encoding="UTF-8"?>
<!-- Generated by org.testng.reporters.JUnitReportReporter -->
<testsuite hostname="DSP" failures="0" tests="1" name="ContactUsPage_UI.TC_ECOM_ContactUs_UI_05" time="3.608" errors="0" timestamp="2025-09-06T00:27:35 IST" skipped="0">
  <testcase classname="ContactUsPage_UI.TC_ECOM_ContactUs_UI_05" name="verifyTestCasesButtonInContactUsPage" time="3.608"/>
</testsuite> <!-- ContactUsPage_UI.TC_ECOM_ContactUs_UI_05 -->
