<?xml version="1.0" encoding="UTF-8"?>
<!-- Generated by org.testng.reporters.JUnitReportReporter -->
<testsuite hostname="DESKTOP-LHK4KF7" failures="0" tests="1" name="Corebusiness.TC_regr_core_012" time="18.641" errors="0" timestamp="2025-09-04T17:43:50 IST" skipped="0">
  <testcase classname="Corebusiness.TC_regr_core_012" name="verifyCartItemsCanBeUpdatedOrRemoved" time="18.641"/>
</testsuite> <!-- Corebusiness.TC_regr_core_012 -->
