<?xml version="1.0" encoding="UTF-8"?>
<!-- Generated by org.testng.reporters.JUnitReportReporter -->
<testsuite hostname="LAPTOP-21M4505A" failures="0" tests="1" name="ProductPage.TC_ECOM_TestCase_1" time="11.230" errors="0" timestamp="2025-09-07T18:57:03 IST" skipped="0">
  <testcase classname="ProductPage.TC_ECOM_TestCase_1" name="verifyLogoOnProductPage" time="11.230"/>
</testsuite> <!-- ProductPage.TC_ECOM_TestCase_1 -->
