<?xml version="1.0" encoding="UTF-8"?>
<!-- Generated by org.testng.reporters.JUnitReportReporter -->
<testsuite hostname="LAPTOP-21M4505A" failures="0" tests="1" name="ProductPage_UI.TC_Ecommerce_Web_Application_product_02" time="10.787" errors="0" timestamp="2025-09-05T13:50:41 IST" skipped="0">
  <testcase classname="ProductPage_UI.TC_Ecommerce_Web_Application_product_02" name="verifyProductButtonInProductPage" time="10.787"/>
</testsuite> <!-- ProductPage_UI.TC_Ecommerce_Web_Application_product_02 -->
