<?xml version="1.0" encoding="UTF-8"?>
<!-- Generated by org.testng.reporters.JUnitReportReporter -->
<testsuite hostname="DESKTOP-LHK4KF7" failures="0" tests="1" name="Subscription.TC_ECOM_subHome_003" time="17.522" errors="0" timestamp="2025-09-04T14:07:08 IST" skipped="0">
  <testcase classname="Subscription.TC_ECOM_subHome_003" name="verifySubsscription" time="17.522"/>
</testsuite> <!-- Subscription.TC_ECOM_subHome_003 -->
