<?xml version="1.0" encoding="UTF-8"?>
<!-- Generated by org.testng.reporters.JUnitReportReporter -->
<testsuite hostname="DESKTOP-LHK4KF7" failures="0" tests="1" name="Corebusiness.TC_regr_core_001" time="14.986" errors="0" timestamp="2025-09-10T17:25:52 IST" skipped="0">
  <testcase classname="Corebusiness.TC_regr_core_001" name="f" time="14.986"/>
</testsuite> <!-- Corebusiness.TC_regr_core_001 -->
