<?xml version="1.0" encoding="UTF-8"?>
<!-- Generated by org.testng.reporters.JUnitReportReporter -->
<testsuite hostname="LAPTOP-21M4505A" failures="0" tests="1" name="Impact_Regression_TestSuite.TC_Regres_Impact_04" time="6.304" errors="0" timestamp="2025-09-07T18:49:05 IST" skipped="0">
  <testcase classname="Impact_Regression_TestSuite.TC_Regres_Impact_04" name="verifySignupFunctionality" time="6.304"/>
</testsuite> <!-- Impact_Regression_TestSuite.TC_Regres_Impact_04 -->
