<?xml version="1.0" encoding="UTF-8"?>
<!-- Generated by org.testng.reporters.JUnitReportReporter -->
<testsuite hostname="DSP" failures="0" tests="1" name="ContactUsPage_UI.TC_ECOM_ContactUs_UI_04" time="9.509" errors="0" timestamp="2025-09-06T00:23:15 IST" skipped="0">
  <testcase classname="ContactUsPage_UI.TC_ECOM_ContactUs_UI_04" name="verifySignupLoginButtonInContactUsPage" time="9.509"/>
</testsuite> <!-- ContactUsPage_UI.TC_ECOM_ContactUs_UI_04 -->
