<?xml version="1.0" encoding="UTF-8"?>
<!-- Generated by org.testng.reporters.JUnitReportReporter -->
<testsuite hostname="Paradise" failures="0" tests="2" name="UiTestcasePage.TC_Ecommerce_Web_Application_testcase_20_21" time="30.758" errors="0" timestamp="2025-09-06T15:21:28 IST" skipped="0">
  <testcase classname="UiTestcasePage.TC_Ecommerce_Web_Application_testcase_20_21" name="verifyTestCase1RegisterUserFlow" time="17.949"/>
  <testcase classname="UiTestcasePage.TC_Ecommerce_Web_Application_testcase_20_21" name="verifyTestCase2LoginUserFlow" time="12.809"/>
</testsuite> <!-- UiTestcasePage.TC_Ecommerce_Web_Application_testcase_20_21 -->
