<?xml version="1.0" encoding="UTF-8"?>
<!-- Generated by org.testng.reporters.JUnitReportReporter -->
<testsuite hostname="DSP" failures="0" tests="2" name="CartPage.TC_ECOM_Cart_11_12" time="5.907" errors="0" timestamp="2025-09-08T15:57:54 IST" skipped="0">
  <testcase classname="CartPage.TC_ECOM_Cart_11_12" name="verifySubscriptionArrowButtonInCartPage" time="3.712"/>
  <testcase classname="CartPage.TC_ECOM_Cart_11_12" name="verifySubscriptionTextboxInCartPage" time="2.195"/>
</testsuite> <!-- CartPage.TC_ECOM_Cart_11_12 -->
