<?xml version="1.0" encoding="UTF-8"?>
<!-- Generated by org.testng.reporters.JUnitReportReporter -->
<testsuite hostname="DSP" failures="0" tests="1" name="ContactUsPage_UI.TC_ECOM_ContactUs_UI_14" time="9.562" errors="0" timestamp="2025-09-06T23:31:11 IST" skipped="0">
  <testcase classname="ContactUsPage_UI.TC_ECOM_ContactUs_UI_14" name="verifyTopButtonInContactUsPage" time="9.562"/>
</testsuite> <!-- ContactUsPage_UI.TC_ECOM_ContactUs_UI_14 -->
