<?xml version="1.0" encoding="UTF-8"?>
<!-- Generated by org.testng.reporters.JUnitReportReporter -->
<testsuite hostname="Paradise" failures="0" tests="2" name="TestCases.TC_ECOM_TestCases_9_10" time="37.869" errors="0" timestamp="2025-09-03T19:24:53 IST" skipped="0">
  <testcase classname="TestCases.TC_ECOM_TestCases_9_10" name="verifyTestCase9SearchProduct" time="12.945"/>
  <testcase classname="TestCases.TC_ECOM_TestCases_9_10" name="verifyTestCase10VerifySubscription" time="24.924"/>
</testsuite> <!-- TestCases.TC_ECOM_TestCases_9_10 -->
