<?xml version="1.0" encoding="UTF-8"?>
<!-- Generated by org.testng.reporters.JUnitReportReporter -->
<testsuite hostname="LAPTOP-21M4505A" failures="0" tests="1" name="ProductPage.TC_ECOM_TestCase_4" time="14.475" errors="0" timestamp="2025-09-08T09:26:05 IST" skipped="0">
  <testcase classname="ProductPage.TC_ECOM_TestCase_4" name="verifyKidsDropdownInProductPage" time="14.475"/>
</testsuite> <!-- ProductPage.TC_ECOM_TestCase_4 -->
