<?xml version="1.0" encoding="UTF-8"?>
<!-- Generated by org.testng.reporters.JUnitReportReporter -->
<testsuite hostname="Paradise" failures="0" tests="1" name="TestCases.TC_ECOM_TestCase_54" time="19.616" errors="0" timestamp="2025-09-03T20:31:35 IST" skipped="0">
  <testcase classname="TestCases.TC_ECOM_TestCase_54" name="verifyFeedbackEmailClick" time="19.616"/>
</testsuite> <!-- TestCases.TC_ECOM_TestCase_54 -->
