<?xml version="1.0" encoding="UTF-8"?>
<!-- Generated by org.testng.reporters.JUnitReportReporter -->
<testsuite hostname="Paradise" failures="0" tests="2" name="UiTestcasePage.TC_Ecommerce_Web_Application_testcase_24_25" time="19.346" errors="0" timestamp="2025-09-06T15:26:36 IST" skipped="0">
  <testcase classname="UiTestcasePage.TC_Ecommerce_Web_Application_testcase_24_25" name="verifyTestCase5RegisterUserWithExistingEmail" time="10.981"/>
  <testcase classname="UiTestcasePage.TC_Ecommerce_Web_Application_testcase_24_25" name="verifyTestCase6ContactUsForm" time="8.365"/>
</testsuite> <!-- UiTestcasePage.TC_Ecommerce_Web_Application_testcase_24_25 -->
