<?xml version="1.0" encoding="UTF-8"?>
<!-- Generated by org.testng.reporters.JUnitReportReporter -->
<testsuite hostname="LAPTOP-21M4505A" failures="0" tests="1" name="ProductPage_UI.TC_Ecommerce_Web_Application_product_29" time="8.624" errors="0" timestamp="2025-09-05T16:51:46 IST" skipped="0">
  <testcase classname="ProductPage_UI.TC_Ecommerce_Web_Application_product_29" name="verifyTopButtonInProductPage" time="8.624"/>
</testsuite> <!-- ProductPage_UI.TC_Ecommerce_Web_Application_product_29 -->
