<?xml version="1.0" encoding="UTF-8"?>
<!-- Generated by org.testng.reporters.JUnitReportReporter -->
<testsuite hostname="LAPTOP-21M4505A" failures="0" tests="1" name="APITesting_UI.TC_Ecommerce_Web_Application_API_Testing_24" time="6.847" errors="0" timestamp="2025-09-09T12:21:51 IST" skipped="0">
  <testcase classname="APITesting_UI.TC_Ecommerce_Web_Application_API_Testing_24" name="verifyAPI11Dropdown" time="6.847"/>
</testsuite> <!-- APITesting_UI.TC_Ecommerce_Web_Application_API_Testing_24 -->
