<?xml version="1.0" encoding="UTF-8"?>
<!-- Generated by org.testng.reporters.JUnitReportReporter -->
<testsuite hostname="DESKTOP-LHK4KF7" failures="0" tests="1" name="APITesting_UI.TC_Ecommerce_Web_Application_API_Testing_16" time="12.239" errors="0" timestamp="2025-09-16T12:37:47 IST" skipped="0">
  <testcase classname="APITesting_UI.TC_Ecommerce_Web_Application_API_Testing_16" name="verifyAPI3Dropdown" time="12.239"/>
</testsuite> <!-- APITesting_UI.TC_Ecommerce_Web_Application_API_Testing_16 -->
