<?xml version="1.0" encoding="UTF-8"?>
<!-- Generated by org.testng.reporters.JUnitReportReporter -->
<testsuite hostname="Paradise" failures="0" tests="1" name="RegeressionFrequentlyUsedFunctionality.TC_Regres_Core_10" time="3.999" errors="0" timestamp="2025-09-04T16:03:08 IST" skipped="0">
  <testcase classname="RegeressionFrequentlyUsedFunctionality.TC_Regres_Core_10" name="verifyScrollBarInProductPage" time="3.999"/>
</testsuite> <!-- RegeressionFrequentlyUsedFunctionality.TC_Regres_Core_10 -->
