<?xml version="1.0" encoding="UTF-8"?>
<!-- Generated by org.testng.reporters.JUnitReportReporter -->
<testsuite hostname="LAPTOP-21M4505A" failures="0" tests="1" name="ProductPage.TC_ECOM_TestCase_24" time="10.632" errors="0" timestamp="2025-09-04T11:13:36 IST" skipped="0">
  <testcase classname="ProductPage.TC_ECOM_TestCase_24" name="verifyQuantityDropdown" time="10.632"/>
</testsuite> <!-- ProductPage.TC_ECOM_TestCase_24 -->
