<?xml version="1.0" encoding="UTF-8"?>
<!-- Generated by org.testng.reporters.JUnitReportReporter -->
<testsuite hostname="Paradise" failures="0" tests="1" name="RegistrationPageAutomation.TC_ECOM_Reg_044" time="17.335" errors="0" timestamp="2025-09-02T18:49:50 IST" skipped="0">
  <testcase classname="RegistrationPageAutomation.TC_ECOM_Reg_044" name="verifyValidStateField" time="17.335"/>
</testsuite> <!-- RegistrationPageAutomation.TC_ECOM_Reg_044 -->
