<?xml version="1.0" encoding="UTF-8"?>
<!-- Generated by org.testng.reporters.JUnitReportReporter -->
<testsuite hostname="DESKTOP-LHK4KF7" failures="0" tests="1" name="UiHomePage.TC_Home_027_VerifyGoogleAdDropButton" time="14.108" errors="0" timestamp="2025-09-09T10:50:10 IST" skipped="0">
  <testcase classname="UiHomePage.TC_Home_027_VerifyGoogleAdDropButton" name="verifyGoogleAdDropButton" time="14.108"/>
</testsuite> <!-- UiHomePage.TC_Home_027_VerifyGoogleAdDropButton -->
