<?xml version="1.0" encoding="UTF-8"?>
<!-- Generated by org.testng.reporters.JUnitReportReporter -->
<testsuite hostname="LAPTOP-21M4505A" failures="0" tests="1" name="RegistrationPageAutomation.TC_ECOM_Reg_015" time="5.832" errors="0" timestamp="2025-09-04T11:50:32 IST" skipped="0">
  <testcase classname="RegistrationPageAutomation.TC_ECOM_Reg_015" name="verifyMrRadioButtonInSignupPage" time="5.832"/>
</testsuite> <!-- RegistrationPageAutomation.TC_ECOM_Reg_015 -->
