<?xml version="1.0" encoding="UTF-8"?>
<!-- Generated by org.testng.reporters.JUnitReportReporter -->
<testsuite hostname="Paradise" failures="0" tests="1" name="TestCases.TC_ECOM_TestCase_1" time="13.428" errors="0" timestamp="2025-09-03T15:34:25 IST" skipped="0">
  <testcase classname="TestCases.TC_ECOM_TestCase_1" name="verifyTestCasesPageLoads" time="13.428"/>
</testsuite> <!-- TestCases.TC_ECOM_TestCase_1 -->
