<?xml version="1.0" encoding="UTF-8"?>
<!-- Generated by org.testng.reporters.JUnitReportReporter -->
<testsuite hostname="Paradise" failures="0" tests="1" name="RegeressionFrequentlyUsedFunctionality.TC_Regres_Core_09" time="5.667" errors="0" timestamp="2025-09-04T16:01:47 IST" skipped="0">
  <testcase classname="RegeressionFrequentlyUsedFunctionality.TC_Regres_Core_09" name="verifyCartButtonFromProductPage" time="5.667"/>
</testsuite> <!-- RegeressionFrequentlyUsedFunctionality.TC_Regres_Core_09 -->
