<?xml version="1.0" encoding="UTF-8"?>
<!-- Generated by org.testng.reporters.JUnitReportReporter -->
<testsuite hostname="LAPTOP-21M4505A" failures="0" tests="1" name="Impact_Regression_TestSuite.TC_Regres_Impact_03" time="5.740" errors="0" timestamp="2025-09-07T18:46:08 IST" skipped="0">
  <testcase classname="Impact_Regression_TestSuite.TC_Regres_Impact_03" name="verifyEmailTextBox" time="5.740"/>
</testsuite> <!-- Impact_Regression_TestSuite.TC_Regres_Impact_03 -->
