<?xml version="1.0" encoding="UTF-8"?>
<!-- Generated by org.testng.reporters.JUnitReportReporter -->
<testsuite hostname="DSP" failures="0" tests="1" name="RegistrationPageAutomation.TC_ECOM_Reg_036" time="7.240" errors="0" timestamp="2025-09-04T23:46:52 IST" skipped="0">
  <testcase classname="RegistrationPageAutomation.TC_ECOM_Reg_036" name="verifyCompanyTextboxWithNoNameInSignupPage" time="7.240"/>
</testsuite> <!-- RegistrationPageAutomation.TC_ECOM_Reg_036 -->
