<?xml version="1.0" encoding="UTF-8"?>
<!-- Generated by org.testng.reporters.JUnitReportReporter -->
<testsuite hostname="Paradise" failures="0" tests="2" name="TestCases.TC_ECOM_TestCases_7_8" time="59.045" errors="0" timestamp="2025-09-03T19:21:33 IST" skipped="0">
  <testcase classname="TestCases.TC_ECOM_TestCases_7_8" name="verifyTestCase8VerifyAllProducts" time="17.108"/>
  <testcase classname="TestCases.TC_ECOM_TestCases_7_8" name="verifyTestCase7VerifyTestCasePage" time="41.937"/>
</testsuite> <!-- TestCases.TC_ECOM_TestCases_7_8 -->
