<?xml version="1.0" encoding="UTF-8"?>
<!-- Generated by org.testng.reporters.JUnitReportReporter -->
<testsuite hostname="Paradise" failures="0" tests="2" name="UiTestcasePage.TC_Ecommerce_Web_Application_testcase_22_23" time="15.649" errors="0" timestamp="2025-09-06T15:23:42 IST" skipped="0">
  <testcase classname="UiTestcasePage.TC_Ecommerce_Web_Application_testcase_22_23" name="verifyTestCase4LogoutUserFlow" time="7.647"/>
  <testcase classname="UiTestcasePage.TC_Ecommerce_Web_Application_testcase_22_23" name="verifyTestCase3LoginUserIncorrectFlow" time="8.002"/>
</testsuite> <!-- UiTestcasePage.TC_Ecommerce_Web_Application_testcase_22_23 -->
