<?xml version="1.0" encoding="UTF-8"?>
<!-- Generated by org.testng.reporters.JUnitReportReporter -->
<testsuite hostname="LAPTOP-21M4505A" failures="0" tests="1" name="APITesting_UI.TC_Ecommerce_Web_Application_API_Testing_16" time="6.267" errors="0" timestamp="2025-09-09T12:12:07 IST" skipped="0">
  <testcase classname="APITesting_UI.TC_Ecommerce_Web_Application_API_Testing_16" name="verifyAPI3Dropdown" time="6.267"/>
</testsuite> <!-- APITesting_UI.TC_Ecommerce_Web_Application_API_Testing_16 -->
