<?xml version="1.0" encoding="UTF-8"?>
<!-- Generated by org.testng.reporters.JUnitReportReporter -->
<testsuite hostname="DSP" failures="0" tests="1" name="CartPage.TC_ECOM_Cart_05" time="8.268" errors="0" timestamp="2025-09-08T14:22:15 IST" skipped="0">
  <testcase classname="CartPage.TC_ECOM_Cart_05" name="verifyTestCasesButtonInCartPage" time="8.268"/>
</testsuite> <!-- CartPage.TC_ECOM_Cart_05 -->
