<?xml version="1.0" encoding="UTF-8"?>
<!-- Generated by org.testng.reporters.JUnitReportReporter -->
<testsuite hostname="DSP" failures="0" tests="1" name="CartPage.TC_ECOM_Cart_14" time="18.023" errors="0" timestamp="2025-09-08T20:14:35 IST" skipped="0">
  <testcase classname="CartPage.TC_ECOM_Cart_14" name="verifyProceedToCheckoutButtonInCartPage" time="18.023"/>
</testsuite> <!-- CartPage.TC_ECOM_Cart_14 -->
