<?xml version="1.0" encoding="UTF-8"?>
<!-- Generated by org.testng.reporters.JUnitReportReporter -->
<testsuite hostname="LAPTOP-21M4505A" failures="0" tests="1" name="ProductPage.TC_ECOM_TestCase_11" time="11.863" errors="0" timestamp="2025-09-08T09:33:34 IST" skipped="0">
  <testcase classname="ProductPage.TC_ECOM_TestCase_11" name="verifyBrandKookieKidsButtonInProductPage" time="11.863"/>
</testsuite> <!-- ProductPage.TC_ECOM_TestCase_11 -->
