<?xml version="1.0" encoding="UTF-8"?>
<!-- Generated by org.testng.reporters.JUnitReportReporter -->
<testsuite hostname="DESKTOP-LHK4KF7" failures="0" tests="1" name="Subscription.TC_ECOM_subHome_005" time="3.486" errors="0" timestamp="2025-09-17T12:17:26 IST" skipped="0">
  <testcase classname="Subscription.TC_ECOM_subHome_005" name="verifySubsscription" time="3.486"/>
</testsuite> <!-- Subscription.TC_ECOM_subHome_005 -->
