<?xml version="1.0" encoding="UTF-8"?>
<!-- Generated by org.testng.reporters.JUnitReportReporter -->
<testsuite hostname="DESKTOP-LHK4KF7" failures="0" tests="1" name="Corebusiness.TC_regr_core_001" time="119.716" errors="0" timestamp="2025-09-10T16:30:09 IST" skipped="0">
  <testcase classname="Corebusiness.TC_regr_core_001" name="f" time="119.716"/>
</testsuite> <!-- Corebusiness.TC_regr_core_001 -->
