<?xml version="1.0" encoding="UTF-8"?>
<!-- Generated by org.testng.reporters.JUnitReportReporter -->
<testsuite hostname="Paradise" failures="0" tests="1" name="RegeressionFrequentlyUsedFunctionality.TC_Regres_Core_06" time="3.915" errors="0" timestamp="2025-09-04T15:57:22 IST" skipped="0">
  <testcase classname="RegeressionFrequentlyUsedFunctionality.TC_Regres_Core_06" name="verifyAddToCartButton" time="3.915"/>
</testsuite> <!-- RegeressionFrequentlyUsedFunctionality.TC_Regres_Core_06 -->
