<?xml version="1.0" encoding="UTF-8"?>
<!-- Generated by org.testng.reporters.JUnitReportReporter -->
<testsuite hostname="DESKTOP-LHK4KF7" failures="0" tests="1" name="UiHomePage.TC_Home_030__verify_HomePage_firefox" time="22.701" errors="0" timestamp="2025-09-09T11:04:56 IST" skipped="0">
  <testcase classname="UiHomePage.TC_Home_030__verify_HomePage_firefox" name="verifyHomePageLoadsOnFirefox" time="22.701"/>
</testsuite> <!-- UiHomePage.TC_Home_030__verify_HomePage_firefox -->
