<?xml version="1.0" encoding="UTF-8"?>
<!-- Generated by org.testng.reporters.JUnitReportReporter -->
<testsuite hostname="LAPTOP-21M4505A" failures="0" tests="1" name="ProductPage.TC_ECOM_TestCase_27" time="9.559" errors="0" timestamp="2025-09-04T11:18:24 IST" skipped="0">
  <testcase classname="ProductPage.TC_ECOM_TestCase_27" name="verifyNameNoInputInProductPage" time="9.559"/>
</testsuite> <!-- ProductPage.TC_ECOM_TestCase_27 -->
