<?xml version="1.0" encoding="UTF-8"?>
<!-- Generated by org.testng.reporters.JUnitReportReporter -->
<testsuite hostname="DESKTOP-LHK4KF7" failures="0" tests="1" name="UiHomePage.TC_Home_001_VerifyHomeButton" time="12.652" errors="0" timestamp="2025-09-09T10:59:41 IST" skipped="0">
  <testcase classname="UiHomePage.TC_Home_001_VerifyHomeButton" name="verifyHomeButton" time="12.652"/>
</testsuite> <!-- UiHomePage.TC_Home_001_VerifyHomeButton -->
