<?xml version="1.0" encoding="UTF-8"?>
<!-- Generated by org.testng.reporters.JUnitReportReporter -->
<testsuite hostname="DSP" failures="0" tests="1" name="ContactUsPage_UI.TC_ECOM_ContactUs_UI_20" time="5.954" errors="0" timestamp="2025-09-06T23:52:21 IST" skipped="0">
  <testcase classname="ContactUsPage_UI.TC_ECOM_ContactUs_UI_20" name="verifyValidMessageInContactUsPage" time="5.954"/>
</testsuite> <!-- ContactUsPage_UI.TC_ECOM_ContactUs_UI_20 -->
