<?xml version="1.0" encoding="UTF-8"?>
<!-- Generated by org.testng.reporters.JUnitReportReporter -->
<testsuite hostname="DSP" failures="0" tests="1" name="ContactUsPage.TC_ECOM_Contact_us_2" time="18.792" errors="0" timestamp="2025-09-03T22:35:28 IST" skipped="0">
  <testcase classname="ContactUsPage.TC_ECOM_Contact_us_2" name="verifyNoteVisibilityInContactUsPage" time="18.792"/>
</testsuite> <!-- ContactUsPage.TC_ECOM_Contact_us_2 -->
