<?xml version="1.0" encoding="UTF-8"?>
<!-- Generated by org.testng.reporters.JUnitReportReporter -->
<testsuite hostname="Paradise" failures="0" tests="1" name="UiTestcasePage.TC_Ecommerce_Web_Application_testcase_18" time="6.223" errors="0" timestamp="2025-09-06T15:15:33 IST" skipped="0">
  <testcase classname="UiTestcasePage.TC_Ecommerce_Web_Application_testcase_18" name="verifySubscriptionWithEmail" time="6.223"/>
</testsuite> <!-- UiTestcasePage.TC_Ecommerce_Web_Application_testcase_18 -->
