<?xml version="1.0" encoding="UTF-8"?>
<!-- Generated by org.testng.reporters.JUnitReportReporter -->
<testsuite hostname="LAPTOP-21M4505A" failures="0" tests="1" name="ProductPage_UI.TC_Ecommerce_Web_Application_product_03" time="17.073" errors="0" timestamp="2025-09-05T13:53:03 IST" skipped="0">
  <testcase classname="ProductPage_UI.TC_Ecommerce_Web_Application_product_03" name="verifyCartButtonInProductPage" time="17.073"/>
</testsuite> <!-- ProductPage_UI.TC_Ecommerce_Web_Application_product_03 -->
