<?xml version="1.0" encoding="UTF-8"?>
<!-- Generated by org.testng.reporters.JUnitReportReporter -->
<testsuite hostname="DESKTOP-LHK4KF7" failures="0" tests="1" name="SmokeTesting.TC_Ecom_Sanity_005" time="11.912" errors="0" timestamp="2025-09-17T17:45:58 IST" skipped="0">
  <testcase classname="SmokeTesting.TC_Ecom_Sanity_005" name="verifySignupAndLoginForms" time="11.912"/>
</testsuite> <!-- SmokeTesting.TC_Ecom_Sanity_005 -->
