<?xml version="1.0" encoding="UTF-8"?>
<!-- Generated by org.testng.reporters.JUnitReportReporter -->
<testsuite hostname="Paradise" failures="0" tests="2" name="UiTestcasePage.TC_Ecommerce_Web_Application_testcase_28_29" time="23.961" errors="0" timestamp="2025-09-07T12:15:36 IST" skipped="0">
  <testcase classname="UiTestcasePage.TC_Ecommerce_Web_Application_testcase_28_29" name="verifyTestCase12AddProductsInCart" time="16.336"/>
  <testcase classname="UiTestcasePage.TC_Ecommerce_Web_Application_testcase_28_29" name="verifyTestCase11VerifySubscriptionInCartPage" time="7.625"/>
</testsuite> <!-- UiTestcasePage.TC_Ecommerce_Web_Application_testcase_28_29 -->
