<?xml version="1.0" encoding="UTF-8"?>
<!-- Generated by org.testng.reporters.JUnitReportReporter -->
<testsuite hostname="Paradise" failures="0" tests="2" name="UiTestcasePage.TC_Ecommerce_Web_Application_testcase_41_42" time="13.039" errors="0" timestamp="2025-09-07T12:29:35 IST" skipped="0">
  <testcase classname="UiTestcasePage.TC_Ecommerce_Web_Application_testcase_41_42" name="verifyTestCase23VerifyAddressDetailsInCheckoutPage" time="7.506"/>
  <testcase classname="UiTestcasePage.TC_Ecommerce_Web_Application_testcase_41_42" name="verifyTestCase24DownloadInvoiceAfterPurchase" time="5.533"/>
</testsuite> <!-- UiTestcasePage.TC_Ecommerce_Web_Application_testcase_41_42 -->
