<?xml version="1.0" encoding="UTF-8"?>
<!-- Generated by org.testng.reporters.JUnitReportReporter -->
<testsuite hostname="LAPTOP-21M4505A" failures="0" tests="1" name="ProductPage_UI.TC_Ecommerce_Web_Application_product_18" time="39.120" errors="0" timestamp="2025-09-05T16:06:45 IST" skipped="0">
  <testcase classname="ProductPage_UI.TC_Ecommerce_Web_Application_product_18" name="verifyBrandMastAndHarbourButtonInProductPage" time="39.120"/>
</testsuite> <!-- ProductPage_UI.TC_Ecommerce_Web_Application_product_18 -->
