<?xml version="1.0" encoding="UTF-8"?>
<!-- Generated by org.testng.reporters.JUnitReportReporter -->
<testsuite hostname="Paradise" failures="0" tests="1" name="RegistrationPageAutomation.TC_ECOM_Reg_060" time="17.105" errors="0" timestamp="2025-09-04T11:59:10 IST" skipped="0">
  <testcase classname="RegistrationPageAutomation.TC_ECOM_Reg_060" name="verifyMuteFeatureInAdvertisementVideo" time="17.105"/>
</testsuite> <!-- RegistrationPageAutomation.TC_ECOM_Reg_060 -->
