<?xml version="1.0" encoding="UTF-8"?>
<!-- Generated by org.testng.reporters.JUnitReportReporter -->
<testsuite hostname="LAPTOP-21M4505A" failures="0" tests="1" name="ProductPage.TC_ECOM_TestCase_12" time="12.538" errors="0" timestamp="2025-09-08T09:34:03 IST" skipped="0">
  <testcase classname="ProductPage.TC_ECOM_TestCase_12" name="verifyBrandAllenSollyJuniorButtonInProductPage" time="12.538"/>
</testsuite> <!-- ProductPage.TC_ECOM_TestCase_12 -->
