<?xml version="1.0" encoding="UTF-8"?>
<!-- Generated by org.testng.reporters.JUnitReportReporter -->
<testsuite hostname="LAPTOP-21M4505A" failures="0" tests="1" name="ProductPage_UI.TC_Ecommerce_Web_Application_product_08" time="45.320" errors="0" timestamp="2025-09-05T14:27:56 IST" skipped="0">
  <testcase classname="ProductPage_UI.TC_Ecommerce_Web_Application_product_08" name="verifyContactUsButtonInProductPage" time="45.320"/>
</testsuite> <!-- ProductPage_UI.TC_Ecommerce_Web_Application_product_08 -->
