<?xml version="1.0" encoding="UTF-8"?>
<!-- Generated by org.testng.reporters.JUnitReportReporter -->
<testsuite hostname="DSP" failures="0" tests="1" name="CartPage.TC_ECOM_Cart_15" time="53.391" errors="0" timestamp="2025-09-08T20:22:17 IST" skipped="0">
  <testcase classname="CartPage.TC_ECOM_Cart_15" name="verifyProductVisibleInCartPage" time="53.391"/>
</testsuite> <!-- CartPage.TC_ECOM_Cart_15 -->
