<?xml version="1.0" encoding="UTF-8"?>
<!-- Generated by org.testng.reporters.JUnitReportReporter -->
<testsuite hostname="LAPTOP-21M4505A" failures="0" tests="1" name="SmokeTesting.TC_Ecom_Sanity_009" time="7.481" errors="0" timestamp="2025-09-03T20:38:22 IST" skipped="0">
  <testcase classname="SmokeTesting.TC_Ecom_Sanity_009" name="verifyAndValidateSiteStability" time="7.481"/>
</testsuite> <!-- SmokeTesting.TC_Ecom_Sanity_009 -->
