<?xml version="1.0" encoding="UTF-8"?>
<!-- Generated by org.testng.reporters.JUnitReportReporter -->
<testsuite hostname="Paradise" failures="0" tests="1" name="UiTestcasePage.TC_Ecommerce_Web_Application_testcase_17" time="14.838" errors="0" timestamp="2025-09-06T15:03:55 IST" skipped="0">
  <testcase classname="UiTestcasePage.TC_Ecommerce_Web_Application_testcase_17" name="verifySubscriptionTextbox" time="14.838"/>
</testsuite> <!-- UiTestcasePage.TC_Ecommerce_Web_Application_testcase_17 -->
