<?xml version="1.0" encoding="UTF-8"?>
<!-- Generated by org.testng.reporters.JUnitReportReporter -->
<testsuite hostname="DSP" failures="0" tests="1" name="RegistrationPageAutomation.TC_ECOM_Reg_033" time="8.190" errors="0" timestamp="2025-09-04T23:15:13 IST" skipped="0">
  <testcase classname="RegistrationPageAutomation.TC_ECOM_Reg_033" name="verifyLastNameTextboxWithNoNameInSignupPage" time="8.190"/>
</testsuite> <!-- RegistrationPageAutomation.TC_ECOM_Reg_033 -->
