<?xml version="1.0" encoding="UTF-8"?>
<!-- Generated by org.testng.reporters.JUnitReportReporter -->
<testsuite hostname="DESKTOP-LHK4KF7" failures="0" tests="1" name="Impact_Regression_TestSuite.TC_Regres_Impact_04" time="18.854" errors="0" timestamp="2025-09-17T13:13:55 IST" skipped="0">
  <testcase classname="Impact_Regression_TestSuite.TC_Regres_Impact_04" name="verifySignupFunctionality" time="18.854"/>
</testsuite> <!-- Impact_Regression_TestSuite.TC_Regres_Impact_04 -->
