<?xml version="1.0" encoding="UTF-8"?>
<!-- Generated by org.testng.reporters.JUnitReportReporter -->
<testsuite hostname="Paradise" failures="0" tests="3" name="RegeressionFrequentlyUsedFunctionality.TC_Regres_Core_1_2_3" time="45.291" errors="0" timestamp="2025-09-05T22:19:21 IST" skipped="0">
  <testcase classname="RegeressionFrequentlyUsedFunctionality.TC_Regres_Core_1_2_3" name="TC1_verifyValidEmailField" time="15.265"/>
  <testcase classname="RegeressionFrequentlyUsedFunctionality.TC_Regres_Core_1_2_3" name="TC2_verifyValidPasswordField" time="0.165"/>
  <testcase classname="RegeressionFrequentlyUsedFunctionality.TC_Regres_Core_1_2_3" name="TC3_verifyLoginButton" time="29.861"/>
</testsuite> <!-- RegeressionFrequentlyUsedFunctionality.TC_Regres_Core_1_2_3 -->
