<?xml version="1.0" encoding="UTF-8"?>
<!-- Generated by org.testng.reporters.JUnitReportReporter -->
<testsuite hostname="Paradise" failures="0" tests="2" name="TestCases.TC_ECOM_TestCases_25_26" time="44.536" errors="0" timestamp="2025-09-03T20:01:12 IST" skipped="0">
  <testcase classname="TestCases.TC_ECOM_TestCases_25_26" name="verifyTestCase25ScrollUpWithArrowButton" time="36.475"/>
  <testcase classname="TestCases.TC_ECOM_TestCases_25_26" name="verifyTestCase26ScrollUpWithoutArrowButton" time="8.061"/>
</testsuite> <!-- TestCases.TC_ECOM_TestCases_25_26 -->
