<?xml version="1.0" encoding="UTF-8"?>
<!-- Generated by org.testng.reporters.JUnitReportReporter -->
<testsuite hostname="DSP" failures="0" tests="1" name="ContactUsPage_UI.TC_ECOM_ConatctUs_UI_01" time="35.449" errors="0" timestamp="2025-09-06T00:05:02 IST" skipped="0">
  <testcase classname="ContactUsPage_UI.TC_ECOM_ConatctUs_UI_01" name="verifyHomeButtonInContactUsPage" time="35.449"/>
</testsuite> <!-- ContactUsPage_UI.TC_ECOM_ConatctUs_UI_01 -->
