<?xml version="1.0" encoding="UTF-8"?>
<!-- Generated by org.testng.reporters.JUnitReportReporter -->
<testsuite hostname="Paradise" failures="0" tests="2" name="UiTestcasePage.TC_Ecommerce_Web_Application_testcase_32_33" time="17.315" errors="0" timestamp="2025-09-07T12:20:56 IST" skipped="0">
  <testcase classname="UiTestcasePage.TC_Ecommerce_Web_Application_testcase_32_33" name="verifyTestCase15PlaceOrderRegisterBeforeCheckout" time="11.614"/>
  <testcase classname="UiTestcasePage.TC_Ecommerce_Web_Application_testcase_32_33" name="verifyTestCase16PlaceOrderLoginBeforeCheckout" time="5.701"/>
</testsuite> <!-- UiTestcasePage.TC_Ecommerce_Web_Application_testcase_32_33 -->
