<?xml version="1.0" encoding="UTF-8"?>
<!-- Generated by org.testng.reporters.JUnitReportReporter -->
<testsuite hostname="Paradise" failures="0" tests="2" name="TestCases.TC_ECOM_TestCases_11_12" time="43.729" errors="0" timestamp="2025-09-03T19:32:20 IST" skipped="0">
  <testcase classname="TestCases.TC_ECOM_TestCases_11_12" name="verifyTestCase12AddProductsInCart" time="11.971"/>
  <testcase classname="TestCases.TC_ECOM_TestCases_11_12" name="verifyTestCase11VerifySubscriptionInCartPage" time="31.758"/>
</testsuite> <!-- TestCases.TC_ECOM_TestCases_11_12 -->
