<?xml version="1.0" encoding="UTF-8"?>
<!-- Generated by org.testng.reporters.JUnitReportReporter -->
<testsuite hostname="DESKTOP-LHK4KF7" failures="0" tests="1" name="Corebusiness.TC_regr_core_005" time="10.156" errors="0" timestamp="2025-09-17T14:09:48 IST" skipped="0">
  <testcase classname="Corebusiness.TC_regr_core_005" name="verifyBrands" time="10.156"/>
</testsuite> <!-- Corebusiness.TC_regr_core_005 -->
