<?xml version="1.0" encoding="UTF-8"?>
<!-- Generated by org.testng.reporters.JUnitReportReporter -->
<testsuite hostname="Paradise" failures="0" tests="8" name="UiTestcasePage.TC_Ecommerce_Web_Application_testcase_01_2_3_4_5_6_7_8" time="36.367" errors="0" timestamp="2025-09-05T22:34:19 IST" skipped="0">
  <testcase classname="UiTestcasePage.TC_Ecommerce_Web_Application_testcase_01_2_3_4_5_6_7_8" name="TC_Ecommerce_Web_Application_testcase_02" time="6.491"/>
  <testcase classname="UiTestcasePage.TC_Ecommerce_Web_Application_testcase_01_2_3_4_5_6_7_8" name="TC_Ecommerce_Web_Application_testcase_08" time="5.240"/>
  <testcase classname="UiTestcasePage.TC_Ecommerce_Web_Application_testcase_01_2_3_4_5_6_7_8" name="TC_Ecommerce_Web_Application_testcase_01" time="4.115"/>
  <testcase classname="UiTestcasePage.TC_Ecommerce_Web_Application_testcase_01_2_3_4_5_6_7_8" name="TC_Ecommerce_Web_Application_testcase_03" time="5.593"/>
  <testcase classname="UiTestcasePage.TC_Ecommerce_Web_Application_testcase_01_2_3_4_5_6_7_8" name="TC_Ecommerce_Web_Application_testcase_05" time="3.674"/>
  <testcase classname="UiTestcasePage.TC_Ecommerce_Web_Application_testcase_01_2_3_4_5_6_7_8" name="TC_Ecommerce_Web_Application_testcase_06" time="2.667"/>
  <testcase classname="UiTestcasePage.TC_Ecommerce_Web_Application_testcase_01_2_3_4_5_6_7_8" name="TC_Ecommerce_Web_Application_testcase_07" time="5.634"/>
  <testcase classname="UiTestcasePage.TC_Ecommerce_Web_Application_testcase_01_2_3_4_5_6_7_8" name="TC_Ecommerce_Web_Application_testcase_04" time="2.953"/>
</testsuite> <!-- UiTestcasePage.TC_Ecommerce_Web_Application_testcase_01_2_3_4_5_6_7_8 -->
