<?xml version="1.0" encoding="UTF-8"?>
<!-- Generated by org.testng.reporters.JUnitReportReporter -->
<testsuite hostname="DSP" failures="0" tests="1" name="ContactUsPage.TC_ECOM_Contact_us_1" time="43.714" errors="0" timestamp="2025-09-03T18:04:20 IST" skipped="0">
  <testcase classname="ContactUsPage.TC_ECOM_Contact_us_1" name="verifyAutomationExerciseButtonInContactUsPage" time="43.714"/>
</testsuite> <!-- ContactUsPage.TC_ECOM_Contact_us_1 -->
