<?xml version="1.0" encoding="UTF-8"?>
<!-- Generated by org.testng.reporters.JUnitReportReporter -->
<testsuite hostname="JayaBalaram" failures="0" tests="2" name="Func_LogoutPage.LogoutTestCase" time="72.189" errors="0" timestamp="2025-09-05T18:23:00 IST" skipped="0">
  <testcase classname="Func_LogoutPage.LogoutTestCase" name="TC_ECOM_Logout_001" time="37.306"/>
  <testcase classname="Func_LogoutPage.LogoutTestCase" name="TC_ECOM_Logout_002" time="34.883"/>
</testsuite> <!-- Func_LogoutPage.LogoutTestCase -->
