<?xml version="1.0" encoding="UTF-8"?>
<!-- Generated by org.testng.reporters.JUnitReportReporter -->
<testsuite hostname="DSP" failures="0" tests="1" name="RegistrationPageAutomation.TC_ECOM_Reg_030" time="9.882" errors="0" timestamp="2025-09-04T18:41:03 IST" skipped="0">
  <testcase classname="RegistrationPageAutomation.TC_ECOM_Reg_030" name="verifyFirstNameEmptyOnAccountInfo" time="9.882"/>
</testsuite> <!-- RegistrationPageAutomation.TC_ECOM_Reg_030 -->
