<?xml version="1.0" encoding="UTF-8"?>
<!-- Generated by org.testng.reporters.JUnitReportReporter -->
<testsuite hostname="Paradise" failures="0" tests="1" name="RegistrationPageAutomation.TC_ECOM_Reg_042" time="16.677" errors="0" timestamp="2025-09-03T12:24:21 IST" skipped="0">
  <testcase classname="RegistrationPageAutomation.TC_ECOM_Reg_042" name="verifyEmptyAddress2Field" time="16.677"/>
</testsuite> <!-- RegistrationPageAutomation.TC_ECOM_Reg_042 -->
