<?xml version="1.0" encoding="UTF-8"?>
<!-- Generated by org.testng.reporters.JUnitReportReporter -->
<testsuite hostname="DSP" failures="0" tests="1" name="ContactUsPage_UI.TC_ECOM_ContactUs_UI_09" time="2.801" errors="0" timestamp="2025-09-06T01:16:47 IST" skipped="0">
  <testcase classname="ContactUsPage_UI.TC_ECOM_ContactUs_UI_09" name="verifyScrollBarInContactUsPage" time="2.801"/>
</testsuite> <!-- ContactUsPage_UI.TC_ECOM_ContactUs_UI_09 -->
