<?xml version="1.0" encoding="UTF-8"?>
<!-- Generated by org.testng.reporters.JUnitReportReporter -->
<testsuite hostname="DESKTOP-LHK4KF7" failures="0" tests="1" name="Subscription.TC_ECOM_subHome_004" time="16.686" errors="0" timestamp="2025-09-17T12:17:26 IST" skipped="0">
  <testcase classname="Subscription.TC_ECOM_subHome_004" name="verifySubsscription" time="16.686"/>
</testsuite> <!-- Subscription.TC_ECOM_subHome_004 -->
