<?xml version="1.0" encoding="UTF-8"?>
<!-- Generated by org.testng.reporters.JUnitReportReporter -->
<testsuite hostname="DESKTOP-LHK4KF7" failures="0" tests="1" name="Corebusiness.TC_regr_core_007" time="15.558" errors="0" timestamp="2025-09-04T16:43:34 IST" skipped="0">
  <testcase classname="Corebusiness.TC_regr_core_007" name="verifyProduct" time="15.558"/>
</testsuite> <!-- Corebusiness.TC_regr_core_007 -->
