<?xml version="1.0" encoding="UTF-8"?>
<!-- Generated by org.testng.reporters.JUnitReportReporter -->
<testsuite hostname="DESKTOP-LHK4KF7" failures="0" tests="1" name="RegistrationPageAutomation.TC_ECOM_Reg_003" time="17.775" errors="0" timestamp="2025-09-04T10:25:34 IST" skipped="0">
  <testcase classname="RegistrationPageAutomation.TC_ECOM_Reg_003" name="checkEmailField" time="17.775"/>
</testsuite> <!-- RegistrationPageAutomation.TC_ECOM_Reg_003 -->
