<?xml version="1.0" encoding="UTF-8"?>
<!-- Generated by org.testng.reporters.JUnitReportReporter -->
<testsuite hostname="DESKTOP-LHK4KF7" failures="0" tests="1" name="UiHomePage.TC_Home_020_VerifyBrandBIBAButton" time="46.628" errors="0" timestamp="2025-09-09T10:48:24 IST" skipped="0">
  <testcase classname="UiHomePage.TC_Home_020_VerifyBrandBIBAButton" name="verifyBrandBIBAButton" time="46.628"/>
</testsuite> <!-- UiHomePage.TC_Home_020_VerifyBrandBIBAButton -->
