<?xml version="1.0" encoding="UTF-8"?>
<!-- Generated by org.testng.reporters.JUnitReportReporter -->
<testsuite hostname="Paradise" failures="0" tests="2" name="TestCases.TC_ECOM_TestCases_19_20" time="41.576" errors="0" timestamp="2025-09-03T19:48:42 IST" skipped="0">
  <testcase classname="TestCases.TC_ECOM_TestCases_19_20" name="verifyTestCase20SearchProductAndVerifyCartLogin" time="14.977"/>
  <testcase classname="TestCases.TC_ECOM_TestCases_19_20" name="verifyTestCase19ViewAndCartBrandProducts" time="26.599"/>
</testsuite> <!-- TestCases.TC_ECOM_TestCases_19_20 -->
