<?xml version="1.0" encoding="UTF-8"?>
<!-- Generated by org.testng.reporters.JUnitReportReporter -->
<testsuite hostname="Paradise" failures="0" tests="1" name="UiTestcasePage.TC_Ecommerce_Web_Application_testcase_09" time="4.733" errors="0" timestamp="2025-09-06T14:20:40 IST" skipped="0">
  <testcase classname="UiTestcasePage.TC_Ecommerce_Web_Application_testcase_09" name="verifyScrollBar" time="4.733"/>
</testsuite> <!-- UiTestcasePage.TC_Ecommerce_Web_Application_testcase_09 -->
