<?xml version="1.0" encoding="UTF-8"?>
<!-- Generated by org.testng.reporters.JUnitReportReporter -->
<testsuite hostname="Paradise" failures="0" tests="1" name="RegistrationPageAutomation.TC_ECOM_Reg_041" time="19.107" errors="0" timestamp="2025-09-02T18:42:25 IST" skipped="0">
  <testcase classname="RegistrationPageAutomation.TC_ECOM_Reg_041" name="verifyValidAddress2Field" time="19.107"/>
</testsuite> <!-- RegistrationPageAutomation.TC_ECOM_Reg_041 -->
