<?xml version="1.0" encoding="UTF-8"?>
<!-- Generated by org.testng.reporters.JUnitReportReporter -->
<testsuite hostname="DESKTOP-LHK4KF7" failures="0" tests="3" name="ContactUsPage_UI.TC_ECOM_ContactUs_11_12_13" time="27.675" errors="0" timestamp="2025-09-16T13:23:03 IST" skipped="0">
  <testcase classname="ContactUsPage_UI.TC_ECOM_ContactUs_11_12_13" name="verifyTestcasePageOnFirefox" time="8.527"/>
  <testcase classname="ContactUsPage_UI.TC_ECOM_ContactUs_11_12_13" name="verifyTestcasePageOnChrome" time="5.318"/>
  <testcase classname="ContactUsPage_UI.TC_ECOM_ContactUs_11_12_13" name="verifyTestcasePageOnEdge" time="13.830"/>
</testsuite> <!-- ContactUsPage_UI.TC_ECOM_ContactUs_11_12_13 -->
