<?xml version="1.0" encoding="UTF-8"?>
<!-- Generated by org.testng.reporters.JUnitReportReporter -->
<testsuite hostname="DSP" failures="0" tests="1" name="ContactUsPage_UI.TC_ECOM_ContactUs_UI_15" time="12.563" errors="0" timestamp="2025-09-06T23:34:39 IST" skipped="0">
  <testcase classname="ContactUsPage_UI.TC_ECOM_ContactUs_UI_15" name="verifySubscriptionTextBoxInContactUsPage" time="12.563"/>
</testsuite> <!-- ContactUsPage_UI.TC_ECOM_ContactUs_UI_15 -->
