<?xml version="1.0" encoding="UTF-8"?>
<!-- Generated by org.testng.reporters.JUnitReportReporter -->
<testsuite hostname="Paradise" failures="0" tests="1" name="SmokeTesting.TC_Ecom_Sanity_005" time="13.256" errors="0" timestamp="2025-09-03T13:42:06 IST" skipped="0">
  <testcase classname="SmokeTesting.TC_Ecom_Sanity_005" name="verifySignupAndLoginForms" time="13.256"/>
</testsuite> <!-- SmokeTesting.TC_Ecom_Sanity_005 -->
