<?xml version="1.0" encoding="UTF-8"?>
<!-- Generated by org.testng.reporters.JUnitReportReporter -->
<testsuite hostname="Paradise" failures="0" tests="1" name="RegistrationPageAutomation.TC_ECOM_Reg_052" time="8.863" errors="0" timestamp="2025-09-04T11:36:16 IST" skipped="0">
  <testcase classname="RegistrationPageAutomation.TC_ECOM_Reg_052" name="verifyEmptyZipcodeField" time="8.863"/>
</testsuite> <!-- RegistrationPageAutomation.TC_ECOM_Reg_052 -->
