<?xml version="1.0" encoding="UTF-8"?>
<!-- Generated by org.testng.reporters.JUnitReportReporter -->
<testsuite hostname="DESKTOP-LHK4KF7" failures="0" tests="1" name="ContactUsPage.TC_ECOM_Contact_us_1" time="14.720" errors="0" timestamp="2025-09-10T16:37:18 IST" skipped="0">
  <testcase classname="ContactUsPage.TC_ECOM_Contact_us_1" name="verifyAutomationExerciseButtonInContactUsPage" time="14.720"/>
</testsuite> <!-- ContactUsPage.TC_ECOM_Contact_us_1 -->
