<?xml version="1.0" encoding="UTF-8"?>
<!-- Generated by org.testng.reporters.JUnitReportReporter -->
<testsuite hostname="LAPTOP-21M4505A" failures="0" tests="1" name="ProductPage.TC_ECOM_TestCase_15" time="14.192" errors="0" timestamp="2025-09-08T09:35:43 IST" skipped="0">
  <testcase classname="ProductPage.TC_ECOM_TestCase_15" name="verifySearchButtonFunctionality" time="14.192"/>
</testsuite> <!-- ProductPage.TC_ECOM_TestCase_15 -->
