<?xml version="1.0" encoding="UTF-8"?>
<!-- Generated by org.testng.reporters.JUnitReportReporter -->
<testsuite hostname="Paradise" failures="0" tests="2" name="UiTestcasePage.TC_Ecommerce_Web_Application_testcase_43_44" time="14.167" errors="0" timestamp="2025-09-07T12:34:17 IST" skipped="0">
  <testcase classname="UiTestcasePage.TC_Ecommerce_Web_Application_testcase_43_44" name="verifyTestCase25ScrollUpWithArrowButton" time="8.189"/>
  <testcase classname="UiTestcasePage.TC_Ecommerce_Web_Application_testcase_43_44" name="verifyTestCase26ScrollUpWithoutArrowButton" time="5.978"/>
</testsuite> <!-- UiTestcasePage.TC_Ecommerce_Web_Application_testcase_43_44 -->
