<?xml version="1.0" encoding="UTF-8"?>
<!-- Generated by org.testng.reporters.JUnitReportReporter -->
<testsuite hostname="LAPTOP-21M4505A" failures="0" tests="1" name="ProductPage_UI.TC_Ecommerce_Web_Application_product_10" time="59.795" errors="0" timestamp="2025-09-05T14:37:51 IST" skipped="0">
  <testcase classname="ProductPage_UI.TC_Ecommerce_Web_Application_product_10" name="verifyLogoFromProductPage" time="59.795"/>
</testsuite> <!-- ProductPage_UI.TC_Ecommerce_Web_Application_product_10 -->
