<?xml version="1.0" encoding="UTF-8"?>
<!-- Generated by org.testng.reporters.JUnitReportReporter -->
<testsuite hostname="Paradise" failures="0" tests="2" name="TestCases.TC_ECOM_TestCases_15_16" time="39.975" errors="0" timestamp="2025-09-03T19:40:52 IST" skipped="0">
  <testcase classname="TestCases.TC_ECOM_TestCases_15_16" name="verifyTestCase15PlaceOrderRegisterBeforeCheckout" time="21.743"/>
  <testcase classname="TestCases.TC_ECOM_TestCases_15_16" name="verifyTestCase16PlaceOrderLoginBeforeCheckout" time="18.232"/>
</testsuite> <!-- TestCases.TC_ECOM_TestCases_15_16 -->
