<?xml version="1.0" encoding="UTF-8"?>
<!-- Generated by org.testng.reporters.JUnitReportReporter -->
<testsuite hostname="DESKTOP-LHK4KF7" failures="0" tests="1" name="Corebusiness.TC_regr_core_005" time="20.341" errors="0" timestamp="2025-09-16T14:47:16 IST" skipped="0">
  <testcase classname="Corebusiness.TC_regr_core_005" name="verifyBrands" time="20.341"/>
</testsuite> <!-- Corebusiness.TC_regr_core_005 -->
