<?xml version="1.0" encoding="UTF-8"?>
<!-- Generated by org.testng.reporters.JUnitReportReporter -->
<testsuite hostname="Paradise" failures="0" tests="2" name="UiTestcasePage.TC_Ecommerce_Web_Application_testcase_34_35" time="25.176" errors="0" timestamp="2025-09-07T12:22:44 IST" skipped="0">
  <testcase classname="UiTestcasePage.TC_Ecommerce_Web_Application_testcase_34_35" name="verifyTestCase17RemoveProductFromCart" time="18.134"/>
  <testcase classname="UiTestcasePage.TC_Ecommerce_Web_Application_testcase_34_35" name="verifyTestCase18ViewCategoryProducts" time="7.042"/>
</testsuite> <!-- UiTestcasePage.TC_Ecommerce_Web_Application_testcase_34_35 -->
