<?xml version="1.0" encoding="UTF-8"?>
<!-- Generated by org.testng.reporters.JUnitReportReporter -->
<testsuite hostname="LAPTOP-21M4505A" failures="0" tests="1" name="Impact_Regression_TestSuite.TC_Regres_Impact_02" time="2.801" errors="0" timestamp="2025-09-06T15:16:50 IST" skipped="0">
  <testcase classname="Impact_Regression_TestSuite.TC_Regres_Impact_02" name="verifyNameTextBox" time="2.801"/>
</testsuite> <!-- Impact_Regression_TestSuite.TC_Regres_Impact_02 -->
