<?xml version="1.0" encoding="UTF-8"?>
<!-- Generated by org.testng.reporters.JUnitReportReporter -->
<testsuite hostname="Paradise" failures="0" tests="3" name="SmokeTesting.TC_Ecom_Sanity_001" time="59.301" errors="0" timestamp="2025-09-03T13:48:53 IST" skipped="0">
  <testcase classname="SmokeTesting.TC_Ecom_Sanity_001" name="verifyOpenUrlInDifferentBrowsers" time="20.040"/>
  <testcase classname="SmokeTesting.TC_Ecom_Sanity_001" name="verifyOpenUrlInDifferentBrowsers" time="19.757"/>
  <testcase classname="SmokeTesting.TC_Ecom_Sanity_001" name="verifyOpenUrlInDifferentBrowsers" time="19.504"/>
</testsuite> <!-- SmokeTesting.TC_Ecom_Sanity_001 -->
