<?xml version="1.0" encoding="UTF-8"?>
<!-- Generated by org.testng.reporters.JUnitReportReporter -->
<testsuite hostname="Paradise" failures="0" tests="2" name="TestCases.TC_ECOM_TestCases_13_14" time="49.653" errors="0" timestamp="2025-09-03T19:38:49 IST" skipped="0">
  <testcase classname="TestCases.TC_ECOM_TestCases_13_14" name="verifyTestCase13VerifyProductQuantity" time="29.184"/>
  <testcase classname="TestCases.TC_ECOM_TestCases_13_14" name="verifyTestCase14PlaceOrderRegisterWhileCheckout" time="20.469"/>
</testsuite> <!-- TestCases.TC_ECOM_TestCases_13_14 -->
