<?xml version="1.0" encoding="UTF-8"?>
<!-- Generated by org.testng.reporters.JUnitReportReporter -->
<testsuite hostname="Paradise" failures="0" tests="1" name="SmokeTesting.TC_Ecom_Sanity_004" time="14.782" errors="0" timestamp="2025-09-03T12:59:47 IST" skipped="0">
  <testcase classname="SmokeTesting.TC_Ecom_Sanity_004" name="verifyCartFunctionality" time="14.782"/>
</testsuite> <!-- SmokeTesting.TC_Ecom_Sanity_004 -->
