<?xml version="1.0" encoding="UTF-8"?>
<!-- Generated by org.testng.reporters.JUnitReportReporter -->
<testsuite hostname="Paradise" failures="0" tests="1" name="UiApiPage.TC_Ecommerce_Web_Application_API_Testing_11_12_13" time="5.043" errors="0" timestamp="2025-09-07T21:06:58 IST" skipped="0">
  <testcase classname="UiApiPage.TC_Ecommerce_Web_Application_API_Testing_11_12_13" name="verifySubscription" time="5.043"/>
</testsuite> <!-- UiApiPage.TC_Ecommerce_Web_Application_API_Testing_11_12_13 -->
