<?xml version="1.0" encoding="UTF-8"?>
<!-- Generated by org.testng.reporters.JUnitReportReporter -->
<testsuite hostname="DESKTOP-LHK4KF7" failures="0" tests="1" name="CartPage.TC_ECOM_Cart_13" time="8.376" errors="0" timestamp="2025-09-16T13:00:07 IST" skipped="0">
  <testcase classname="CartPage.TC_ECOM_Cart_13" name="verifyOrangeHomeButtonInCartPage" time="8.376"/>
</testsuite> <!-- CartPage.TC_ECOM_Cart_13 -->
