<?xml version="1.0" encoding="UTF-8"?>
<!-- Generated by org.testng.reporters.JUnitReportReporter -->
<testsuite hostname="Paradise" failures="0" tests="1" name="SmokeTesting.TC_Ecom_Sanity_002" time="17.419" errors="0" timestamp="2025-09-03T12:21:59 IST" skipped="0">
  <testcase classname="SmokeTesting.TC_Ecom_Sanity_002" name="verifyNavigationLinks" time="17.419"/>
</testsuite> <!-- SmokeTesting.TC_Ecom_Sanity_002 -->
