<?xml version="1.0" encoding="UTF-8"?>
<!-- Generated by org.testng.reporters.JUnitReportReporter -->
<testsuite hostname="LAPTOP-21M4505A" failures="0" tests="1" name="ProductPage_UI.TC_Ecommerce_Web_Application_product_01" time="4.342" errors="0" timestamp="2025-09-08T11:41:28 IST" skipped="0">
  <testcase classname="ProductPage_UI.TC_Ecommerce_Web_Application_product_01" name="verifyHomeButtonInProductPage" time="4.342"/>
</testsuite> <!-- ProductPage_UI.TC_Ecommerce_Web_Application_product_01 -->
