<?xml version="1.0" encoding="UTF-8"?>
<!-- Generated by org.testng.reporters.JUnitReportReporter -->
<testsuite hostname="DESKTOP-LHK4KF7" failures="0" tests="1" name="RegistrationPageAutomation.TC_ECOM_Reg_001" time="5.883" errors="0" timestamp="2025-09-04T10:24:19 IST" skipped="0">
  <testcase classname="RegistrationPageAutomation.TC_ECOM_Reg_001" name="browserVerify" time="5.883"/>
</testsuite> <!-- RegistrationPageAutomation.TC_ECOM_Reg_001 -->
