<?xml version="1.0" encoding="UTF-8"?>
<!-- Generated by org.testng.reporters.JUnitReportReporter -->
<testsuite hostname="LAPTOP-21M4505A" failures="0" tests="1" name="RegistrationPageAutomation.TC_ECOM_Reg_024" time="10.679" errors="0" timestamp="2025-09-04T12:10:47 IST" skipped="0">
  <testcase classname="RegistrationPageAutomation.TC_ECOM_Reg_024" name="verifyMonthDropdownInSignup" time="10.679"/>
</testsuite> <!-- RegistrationPageAutomation.TC_ECOM_Reg_024 -->
