<?xml version="1.0" encoding="UTF-8"?>
<!-- Generated by org.testng.reporters.JUnitReportReporter -->
<testsuite hostname="LAPTOP-21M4505A" failures="0" tests="1" name="ProductPage.TC_ECOM_TestCase_25" time="15.323" errors="0" timestamp="2025-09-04T11:16:04 IST" skipped="0">
  <testcase classname="ProductPage.TC_ECOM_TestCase_25" name="verifyNameInputInProductPage" time="15.323"/>
</testsuite> <!-- ProductPage.TC_ECOM_TestCase_25 -->
