<?xml version="1.0" encoding="UTF-8"?>
<!-- Generated by org.testng.reporters.JUnitReportReporter -->
<testsuite hostname="DESKTOP-LHK4KF7" failures="0" tests="1" name="Corebusiness.TC_regr_core_003" time="36.902" errors="0" timestamp="2025-09-12T15:36:27 IST" skipped="0">
  <testcase classname="Corebusiness.TC_regr_core_003" name="logout" time="36.902"/>
</testsuite> <!-- Corebusiness.TC_regr_core_003 -->
