<?xml version="1.0" encoding="UTF-8"?>
<!-- Generated by org.testng.reporters.JUnitReportReporter -->
<testsuite hostname="LAPTOP-21M4505A" failures="0" tests="1" name="ProductPage_UI.TC_Ecommerce_Web_Application_product_06" time="51.444" errors="0" timestamp="2025-09-05T14:08:21 IST" skipped="0">
  <testcase classname="ProductPage_UI.TC_Ecommerce_Web_Application_product_06" name="verifyApiTestingButtonInProductPage" time="51.444"/>
</testsuite> <!-- ProductPage_UI.TC_Ecommerce_Web_Application_product_06 -->
