<?xml version="1.0" encoding="UTF-8"?>
<!-- Generated by org.testng.reporters.JUnitReportReporter -->
<testsuite hostname="DSP" failures="0" tests="1" name="CartPage.TC_ECOM_Cart_06" time="9.104" errors="0" timestamp="2025-09-08T14:49:52 IST" skipped="0">
  <testcase classname="CartPage.TC_ECOM_Cart_06" name="verifyApiTestingButtonInCartPage" time="9.104"/>
</testsuite> <!-- CartPage.TC_ECOM_Cart_06 -->
