<?xml version="1.0" encoding="UTF-8"?>
<!-- Generated by org.testng.reporters.JUnitReportReporter -->
<testsuite hostname="DSP" failures="0" tests="1" name="CartPage.TC_ECOM_Cart_17" time="42.666" errors="0" timestamp="2025-09-08T22:53:17 IST" skipped="0">
  <testcase classname="CartPage.TC_ECOM_Cart_17" name="verifyRemoveFromCartButton" time="42.666"/>
</testsuite> <!-- CartPage.TC_ECOM_Cart_17 -->
