<?xml version="1.0" encoding="UTF-8"?>
<!-- Generated by org.testng.reporters.JUnitReportReporter -->
<testsuite hostname="LAPTOP-21M4505A" failures="0" tests="1" name="ProductPage.TC_ECOM_TestCase_18" time="8.862" errors="0" timestamp="2025-09-08T09:37:02 IST" skipped="0">
  <testcase classname="ProductPage.TC_ECOM_TestCase_18" name="verifyAddBlueTopToCart" time="8.862"/>
</testsuite> <!-- ProductPage.TC_ECOM_TestCase_18 -->
