<?xml version="1.0" encoding="UTF-8"?>
<!-- Generated by org.testng.reporters.JUnitReportReporter -->
<testsuite hostname="DSP" failures="0" tests="3" name="ContactUsPage_UI.TC_ECOM_ContactUs_11_12_13" time="76.416" errors="0" timestamp="2025-09-07T16:41:42 IST" skipped="0">
  <testcase classname="ContactUsPage_UI.TC_ECOM_ContactUs_11_12_13" name="verifyTestcasePageOnChrome" time="42.535"/>
  <testcase classname="ContactUsPage_UI.TC_ECOM_ContactUs_11_12_13" name="verifyTestcasePageOnEdge" time="16.482"/>
  <testcase classname="ContactUsPage_UI.TC_ECOM_ContactUs_11_12_13" name="verifyTestcasePageOnFirefox" time="17.399"/>
</testsuite> <!-- ContactUsPage_UI.TC_ECOM_ContactUs_11_12_13 -->
