<?xml version="1.0" encoding="UTF-8"?>
<!-- Generated by org.testng.reporters.JUnitReportReporter -->
<testsuite hostname="DESKTOP-LHK4KF7" failures="0" tests="1" name="Corebusiness.TC_regr_core_003" time="22.561" errors="0" timestamp="2025-09-04T15:47:17 IST" skipped="0">
  <testcase classname="Corebusiness.TC_regr_core_003" name="logout" time="22.561"/>
</testsuite> <!-- Corebusiness.TC_regr_core_003 -->
