<?xml version="1.0" encoding="UTF-8"?>
<!-- Generated by org.testng.reporters.JUnitReportReporter -->
<testsuite hostname="DSP" failures="0" tests="1" name="ContactUsPage.TC_ECOM_Contact_us_3" time="10.503" errors="0" timestamp="2025-09-03T23:09:47 IST" skipped="0">
  <testcase classname="ContactUsPage.TC_ECOM_Contact_us_3" name="verifyFeedbackVisibilityInContactUsPage" time="10.503"/>
</testsuite> <!-- ContactUsPage.TC_ECOM_Contact_us_3 -->
