<?xml version="1.0" encoding="UTF-8"?>
<!-- Generated by org.testng.reporters.JUnitReportReporter -->
<testsuite hostname="DSP" failures="0" tests="1" name="CartPage.TC_ECOM_Cart_02" time="17.180" errors="0" timestamp="2025-09-08T12:21:20 IST" skipped="0">
  <testcase classname="CartPage.TC_ECOM_Cart_02" name="verifyProductButtonInCartPage" time="17.180"/>
</testsuite> <!-- CartPage.TC_ECOM_Cart_02 -->
