<?xml version="1.0" encoding="UTF-8"?>
<!-- Generated by org.testng.reporters.JUnitReportReporter -->
<testsuite hostname="DESKTOP-LHK4KF7" failures="0" tests="1" name="RegistrationPageAutomation.TC_ECOM_Reg_002" time="11.278" errors="0" timestamp="2025-09-02T16:13:51 IST" skipped="0">
  <testcase classname="RegistrationPageAutomation.TC_ECOM_Reg_002" name="checkNameField" time="11.278"/>
</testsuite> <!-- RegistrationPageAutomation.TC_ECOM_Reg_002 -->
