<?xml version="1.0" encoding="UTF-8"?>
<!-- Generated by org.testng.reporters.JUnitReportReporter -->
<testsuite hostname="Paradise" failures="0" tests="2" name="TestCases.TC_ECOM_TestCases_5_6" time="25.337" errors="0" timestamp="2025-09-03T19:15:01 IST" skipped="0">
  <testcase classname="TestCases.TC_ECOM_TestCases_5_6" name="verifyTestCase5RegisterUserWithExistingEmail" time="16.158"/>
  <testcase classname="TestCases.TC_ECOM_TestCases_5_6" name="verifyTestCase6ContactUsForm" time="9.179"/>
</testsuite> <!-- TestCases.TC_ECOM_TestCases_5_6 -->
