<?xml version="1.0" encoding="UTF-8"?>
<!-- Generated by org.testng.reporters.JUnitReportReporter -->
<testsuite hostname="DESKTOP-LHK4KF7" failures="0" tests="1" name="Corebusiness.TC_regr_core_003" time="18.970" errors="0" timestamp="2025-09-17T13:43:30 IST" skipped="0">
  <testcase classname="Corebusiness.TC_regr_core_003" name="logout" time="18.970"/>
</testsuite> <!-- Corebusiness.TC_regr_core_003 -->
