<?xml version="1.0" encoding="UTF-8"?>
<!-- Generated by org.testng.reporters.JUnitReportReporter -->
<testsuite hostname="DESKTOP-LHK4KF7" failures="0" tests="1" name="Corebusiness.TC_regr_core_003" time="26.112" errors="0" timestamp="2025-09-15T15:33:29 IST" skipped="0">
  <testcase classname="Corebusiness.TC_regr_core_003" name="logout" time="26.112"/>
</testsuite> <!-- Corebusiness.TC_regr_core_003 -->
