<?xml version="1.0" encoding="UTF-8"?>
<!-- Generated by org.testng.reporters.JUnitReportReporter -->
<testsuite hostname="DESKTOP-LHK4KF7" failures="0" tests="1" name="Subscription.TC_ECOM_subHome_003" time="9.675" errors="0" timestamp="2025-09-16T12:18:10 IST" skipped="0">
  <testcase classname="Subscription.TC_ECOM_subHome_003" name="verifySubsscription" time="9.675"/>
</testsuite> <!-- Subscription.TC_ECOM_subHome_003 -->
