<?xml version="1.0" encoding="UTF-8"?>
<!-- Generated by org.testng.reporters.JUnitReportReporter -->
<testsuite hostname="DESKTOP-LHK4KF7" failures="0" tests="1" name="RegistrationPageAutomation.TC_ECOM_Reg_011" time="18.325" errors="0" timestamp="2025-09-04T12:38:12 IST" skipped="0">
  <testcase classname="RegistrationPageAutomation.TC_ECOM_Reg_011" name="verifySignup" time="18.325"/>
</testsuite> <!-- RegistrationPageAutomation.TC_ECOM_Reg_011 -->
