<?xml version="1.0" encoding="UTF-8"?>
<!-- Generated by org.testng.reporters.JUnitReportReporter -->
<testsuite hostname="DSP" failures="0" tests="1" name="Business_Specific_needs.TC_ECOM_Busi_needs_01" time="5.460" errors="0" timestamp="2025-09-05T00:36:02 IST" skipped="0">
  <testcase classname="Business_Specific_needs.TC_ECOM_Busi_needs_01" name="verifyValidNameInContactUsPage" time="5.460"/>
</testsuite> <!-- Business_Specific_needs.TC_ECOM_Busi_needs_01 -->
