<?xml version="1.0" encoding="UTF-8"?>
<!-- Generated by org.testng.reporters.JUnitReportReporter -->
<testsuite hostname="DSP" failures="0" tests="1" name="RegistrationPageAutomation.TC_ECOM_Reg_027" time="8.492" errors="0" timestamp="2025-09-04T12:58:25 IST" skipped="0">
  <testcase classname="RegistrationPageAutomation.TC_ECOM_Reg_027" name="verifyNewsletterCheckboxInSignupPage" time="8.492"/>
</testsuite> <!-- RegistrationPageAutomation.TC_ECOM_Reg_027 -->
