<?xml version="1.0" encoding="UTF-8"?>
<!-- Generated by org.testng.reporters.JUnitReportReporter -->
<testsuite hostname="DSP" failures="0" tests="1" name="ContactUsPage_UI.TC_ECOM_ContactUs_UI_03" time="5.139" errors="0" timestamp="2025-09-06T00:18:48 IST" skipped="0">
  <testcase classname="ContactUsPage_UI.TC_ECOM_ContactUs_UI_03" name="verifyCartButtonInContactUsPage" time="5.139"/>
</testsuite> <!-- ContactUsPage_UI.TC_ECOM_ContactUs_UI_03 -->
