<?xml version="1.0" encoding="UTF-8"?>
<!-- Generated by org.testng.reporters.JUnitReportReporter -->
<testsuite hostname="LAPTOP-21M4505A" failures="0" tests="1" name="ProductPage.TC_ECOM_TestCase_19" time="10.316" errors="0" timestamp="2025-09-08T09:37:26 IST" skipped="0">
  <testcase classname="ProductPage.TC_ECOM_TestCase_19" name="verifyViewProductForBlueTop" time="10.316"/>
</testsuite> <!-- ProductPage.TC_ECOM_TestCase_19 -->
