<?xml version="1.0" encoding="UTF-8"?>
<!-- Generated by org.testng.reporters.JUnitReportReporter -->
<testsuite hostname="Paradise" failures="0" tests="2" name="UiTestcasePage.TC_Ecommerce_Web_Application_testcase_36_37" time="33.829" errors="0" timestamp="2025-09-07T12:24:42 IST" skipped="0">
  <testcase classname="UiTestcasePage.TC_Ecommerce_Web_Application_testcase_36_37" name="verifyTestCase20SearchProductAndVerifyCartLogin" time="9.093"/>
  <testcase classname="UiTestcasePage.TC_Ecommerce_Web_Application_testcase_36_37" name="verifyTestCase19ViewAndCartBrandProducts" time="24.736"/>
</testsuite> <!-- UiTestcasePage.TC_Ecommerce_Web_Application_testcase_36_37 -->
