<?xml version="1.0" encoding="UTF-8"?>
<!-- Generated by org.testng.reporters.JUnitReportReporter -->
<testsuite hostname="Paradise" failures="0" tests="1" name="RegeressionFrequentlyUsedFunctionality.TC_Regres_Core_08" time="10.176" errors="0" timestamp="2025-09-04T16:00:33 IST" skipped="0">
  <testcase classname="RegeressionFrequentlyUsedFunctionality.TC_Regres_Core_08" name="verifyProductButton" time="10.176"/>
</testsuite> <!-- RegeressionFrequentlyUsedFunctionality.TC_Regres_Core_08 -->
