<?xml version="1.0" encoding="UTF-8"?>
<!-- Generated by org.testng.reporters.JUnitReportReporter -->
<testsuite hostname="LAPTOP-21M4505A" failures="0" tests="1" name="ProductPage_UI.TC_Ecommerce_Web_Application_product_27" time="13.910" errors="0" timestamp="2025-09-05T16:49:36 IST" skipped="0">
  <testcase classname="ProductPage_UI.TC_Ecommerce_Web_Application_product_27" name="verifyUpArrowInScrollBar" time="13.910"/>
</testsuite> <!-- ProductPage_UI.TC_Ecommerce_Web_Application_product_27 -->
