<?xml version="1.0" encoding="UTF-8"?>
<!-- Generated by org.testng.reporters.JUnitReportReporter -->
<testsuite hostname="DESKTOP-LHK4KF7" failures="0" tests="1" name="RegistrationPageAutomation.TC_ECOM_Reg_007" time="24.457" errors="0" timestamp="2025-09-04T12:58:45 IST" skipped="0">
  <testcase classname="RegistrationPageAutomation.TC_ECOM_Reg_007" name="verifySignup" time="24.457"/>
</testsuite> <!-- RegistrationPageAutomation.TC_ECOM_Reg_007 -->
