<?xml version="1.0" encoding="UTF-8"?>
<!-- Generated by org.testng.reporters.JUnitReportReporter -->
<testsuite hostname="Paradise" failures="0" tests="2" name="TestCases.TC_ECOM_TestCases_1_2" time="27.043" errors="0" timestamp="2025-09-03T20:25:34 IST" skipped="0">
  <testcase classname="TestCases.TC_ECOM_TestCases_1_2" name="verifyTestCase1RegisterUserFlow" time="19.850"/>
  <testcase classname="TestCases.TC_ECOM_TestCases_1_2" name="verifyTestCase2LoginUserFlow" time="7.193"/>
</testsuite> <!-- TestCases.TC_ECOM_TestCases_1_2 -->
