<?xml version="1.0" encoding="UTF-8"?>
<!-- Generated by org.testng.reporters.JUnitReportReporter -->
<testsuite hostname="DESKTOP-LHK4KF7" failures="0" tests="1" name="Impact_Regression_TestSuite.TC_Regres_Impact_06" time="40.524" errors="0" timestamp="2025-09-16T17:21:29 IST" skipped="0">
  <testcase classname="Impact_Regression_TestSuite.TC_Regres_Impact_06" name="verifyValidPasswordForLogin" time="40.524"/>
</testsuite> <!-- Impact_Regression_TestSuite.TC_Regres_Impact_06 -->
