<?xml version="1.0" encoding="UTF-8"?>
<!-- Generated by org.testng.reporters.JUnitReportReporter -->
<testsuite hostname="LAPTOP-21M4505A" failures="0" tests="1" name="RegistrationPageAutomation.TC_ECOM_Reg_014" time="5.551" errors="0" timestamp="2025-09-04T11:49:12 IST" skipped="0">
  <testcase classname="RegistrationPageAutomation.TC_ECOM_Reg_014" name="verifySignupWithExistingEmail" time="5.551"/>
</testsuite> <!-- RegistrationPageAutomation.TC_ECOM_Reg_014 -->
