<?xml version="1.0" encoding="UTF-8"?>
<!-- Generated by org.testng.reporters.JUnitReportReporter -->
<testsuite hostname="Paradise" failures="0" tests="1" name="RegeressionFrequentlyUsedFunctionality.TC_Regres_Core_07" time="5.506" errors="0" timestamp="2025-09-04T15:59:01 IST" skipped="0">
  <testcase classname="RegeressionFrequentlyUsedFunctionality.TC_Regres_Core_07" name="verifyViewProductButton" time="5.506"/>
</testsuite> <!-- RegeressionFrequentlyUsedFunctionality.TC_Regres_Core_07 -->
