<?xml version="1.0" encoding="UTF-8"?>
<!-- Generated by org.testng.reporters.JUnitReportReporter -->
<testsuite hostname="DESKTOP-LHK4KF7" failures="0" tests="2" name="RegistrationPageAutomation.TC_ECOM_Reg_008" time="27.609" errors="0" timestamp="2025-09-04T12:18:39 IST" skipped="0">
  <testcase classname="RegistrationPageAutomation.TC_ECOM_Reg_008" name="verifySignup" time="9.529"/>
  <testcase classname="RegistrationPageAutomation.TC_ECOM_Reg_008" name="verifySignup" time="18.080"/>
</testsuite> <!-- RegistrationPageAutomation.TC_ECOM_Reg_008 -->
