<?xml version="1.0" encoding="UTF-8"?>
<!-- Generated by org.testng.reporters.JUnitReportReporter -->
<testsuite hostname="DSP" failures="0" tests="1" name="RegistrationPageAutomation.TC_ECOM_Reg_035" time="24.024" errors="0" timestamp="2025-09-04T23:29:09 IST" skipped="0">
  <testcase classname="RegistrationPageAutomation.TC_ECOM_Reg_035" name="verifyCompanyTextboxWithValidNameInSignupPage" time="24.024"/>
</testsuite> <!-- RegistrationPageAutomation.TC_ECOM_Reg_035 -->
